{"C:\\Users\\innoc\\OneDrive\\Desktop\\Andela StackUp Projects\\Innocent-Ingabire-portfolio\\server\\index.js":{"path":"C:\\Users\\innoc\\OneDrive\\Desktop\\Andela StackUp Projects\\Innocent-Ingabire-portfolio\\server\\index.js","statementMap":{"0":{"start":{"line":3,"column":20},"end":{"line":3,"column":68}},"1":{"start":{"line":5,"column":24},"end":{"line":5,"column":77}},"2":{"start":{"line":7,"column":39},"end":{"line":7,"column":95}},"3":{"start":{"line":9,"column":14},"end":{"line":9,"column":32}},"4":{"start":{"line":11,"column":15},"end":{"line":11,"column":34}},"5":{"start":{"line":13,"column":14},"end":{"line":13,"column":40}},"6":{"start":{"line":15,"column":10},"end":{"line":15,"column":19}},"7":{"start":{"line":17,"column":13},"end":{"line":17,"column":39}},"8":{"start":{"line":19,"column":0},"end":{"line":19,"column":24}},"9":{"start":{"line":20,"column":11},"end":{"line":20,"column":35}},"10":{"start":{"line":39,"column":0},"end":{"line":56,"column":3}},"11":{"start":{"line":45,"column":2},"end":{"line":45,"column":27}},"12":{"start":{"line":47,"column":2},"end":{"line":49,"column":6}},"13":{"start":{"line":52,"column":2},"end":{"line":52,"column":23}},"14":{"start":{"line":53,"column":2},"end":{"line":53,"column":49}},"15":{"start":{"line":55,"column":2},"end":{"line":55,"column":21}},"16":{"start":{"line":57,"column":0},"end":{"line":59,"column":3}},"17":{"start":{"line":58,"column":2},"end":{"line":58,"column":58}},"18":{"start":{"line":60,"column":0},"end":{"line":60,"column":21}}},"fnMap":{"0":{"name":"_interopRequireDefault","decl":{"start":{"line":7,"column":9},"end":{"line":7,"column":31}},"loc":{"start":{"line":7,"column":37},"end":{"line":7,"column":97}},"line":7},"1":{"name":"(anonymous_1)","decl":{"start":{"line":44,"column":8},"end":{"line":44,"column":9}},"loc":{"start":{"line":44,"column":20},"end":{"line":54,"column":1}},"line":44},"2":{"name":"(anonymous_2)","decl":{"start":{"line":54,"column":12},"end":{"line":54,"column":13}},"loc":{"start":{"line":54,"column":29},"end":{"line":56,"column":1}},"line":54},"3":{"name":"(anonymous_3)","decl":{"start":{"line":57,"column":17},"end":{"line":57,"column":18}},"loc":{"start":{"line":57,"column":29},"end":{"line":59,"column":1}},"line":57}},"branchMap":{"0":{"loc":{"start":{"line":7,"column":46},"end":{"line":7,"column":94}},"type":"cond-expr","locations":[{"start":{"line":7,"column":70},"end":{"line":7,"column":73}},{"start":{"line":7,"column":76},"end":{"line":7,"column":94}}],"line":7},"1":{"loc":{"start":{"line":7,"column":46},"end":{"line":7,"column":67}},"type":"binary-expr","locations":[{"start":{"line":7,"column":46},"end":{"line":7,"column":49}},{"start":{"line":7,"column":53},"end":{"line":7,"column":67}}],"line":7},"2":{"loc":{"start":{"line":20,"column":11},"end":{"line":20,"column":35}},"type":"binary-expr","locations":[{"start":{"line":20,"column":11},"end":{"line":20,"column":27}},{"start":{"line":20,"column":31},"end":{"line":20,"column":35}}],"line":20}},"s":{"0":1,"1":1,"2":2,"3":1,"4":1,"5":1,"6":1,"7":1,"8":1,"9":1,"10":1,"11":1,"12":1,"13":1,"14":1,"15":0,"16":1,"17":1,"18":1},"f":{"0":2,"1":1,"2":0,"3":1},"b":{"0":[0,2],"1":[2,2],"2":[1,1]},"inputSourceMap":{"version":3,"sources":["index.js"],"names":["express","require","mongoose","session","app","router","use","json","PORT","process","env","connect","useNewUrlParser","saveUninitialized","useUnifiedTopology","resave","then","secret","console","log","error","listen","module","exports"],"mappings":";;AAMA;;AACA;;;;AAPA,IAAMA,OAAO,GAAGC,OAAO,CAAC,SAAD,CAAvB;;AACA,IAAMC,QAAQ,GAAGD,OAAO,CAAC,UAAD,CAAxB;;AACA,IAAME,OAAO,GAAGF,OAAO,CAAC,iBAAD,CAAvB;;AACA,IAAMG,GAAG,GAAGJ,OAAO,EAAnB;;AAEA,IAAMK,MAAM,GAAGJ,OAAO,CAAC,iBAAD,CAAtB;;AAIAG,GAAG,CAACE,GAAJ,CAAQN,OAAO,CAACO,IAAR,EAAR;AAEA,IAAMC,IAAI,GAAGC,OAAO,CAACC,GAAR,CAAYF,IAAZ,IAAoB,IAAjC,C,CAEA;AACA;AACA;AACA;AACA;AACA;AACA;AACA;AACA;AACA;AACA;AACA;AACA;AACA;AACA;AACA;AAEA;AACA;;AAEAN,QAAQ,CACLS,OADH,CACW,8CADX,EAC2D;AACvDC,EAAAA,eAAe,EAAE,IADsC;AAEvDC,EAAAA,iBAAiB,EAAE,IAFoC;AAGvDC,EAAAA,kBAAkB,EAAE,IAHmC;AAIvDC,EAAAA,MAAM,EAAE;AAJ+C,CAD3D,EAOGC,IAPH,CAOQ,YAAM;AACVf,EAAAA,OAAO,CAAC,eAAD,CAAP;;AACAG,EAAAA,GAAG,CAACE,GAAJ,CAAQH,OAAO,CAAC;AAAEc,IAAAA,MAAM,EAAE;AAAV,GAAD,CAAf,EAFU,CAGV;AAEA;;AACAb,EAAAA,GAAG,CAACE,GAAJ,CAAQ,GAAR,EAAaD,MAAb;AAEAa,EAAAA,OAAO,CAACC,GAAR,CAAY,iCAAZ;AACD,CAhBH,WAiBS,UAACC,KAAD,EAAW;AAChBF,EAAAA,OAAO,CAACC,GAAR,CAAYC,KAAZ;AACD,CAnBH;AAqBAhB,GAAG,CAACiB,MAAJ,CAAWb,IAAX,EAAiB,YAAM;AACrBU,EAAAA,OAAO,CAACC,GAAR,sCAA0CX,IAA1C;AACD,CAFD;AAIAc,MAAM,CAACC,OAAP,GAAiBnB,GAAjB","sourceRoot":"C:\\Users\\innoc\\OneDrive\\Desktop\\Andela StackUp Projects\\Innocent-Ingabire-portfolio\\server\\","sourcesContent":["const express = require(\"express\");\r\nconst mongoose = require(\"mongoose\");\r\nconst session = require(\"express-session\");\r\nconst app = express();\r\n\r\nconst router = require(\"./routes/routes\");\r\nimport swaggerJsDoc from \"swagger-jsdoc\";\r\nimport swaggerUi from \"swagger-ui-express\";\r\n\r\napp.use(express.json());\r\n\r\nconst PORT = process.env.PORT || 5000;\r\n\r\n// Extended: https://swagger.io/specification/#infoObject\r\n// const swaggerOptions = {\r\n//   swaggerDefinition: {\r\n//     info: {\r\n//       version: \"1.0.0\",\r\n//       title: \"Portfolio API\",\r\n//       description: \"Innocent's Portfolio API Information\",\r\n//       contact: {\r\n//         name: \"Innocent Ingabire\",\r\n//       },\r\n//       servers: [\"http://localhost:5000\"],\r\n//     },\r\n//   },\r\n//   // ['.routes/*.js']\r\n//   apis: [\"./routes\"],\r\n// };\r\n\r\n// const swaggerDocs = swaggerJsDoc(swaggerOptions);\r\n// app.use(\"/api-docs\", swaggerUi.serve, swaggerUi.setup(swaggerDocs));\r\n\r\nmongoose\r\n  .connect(\"mongodb://localhost:27017/innocent-portfolio\", {\r\n    useNewUrlParser: true,\r\n    saveUninitialized: true,\r\n    useUnifiedTopology: true,\r\n    resave: true,\r\n  })\r\n  .then(() => {\r\n    require(\"./seeds/admin\");\r\n    app.use(session({ secret: \"secret\" }));\r\n    // app.use(passport.initialize());\r\n\r\n    // app.use(passport.session());\r\n    app.use(\"/\", router);\r\n\r\n    console.log(\"Dababase connected successfully\");\r\n  })\r\n  .catch((error) => {\r\n    console.log(error);\r\n  });\r\n\r\napp.listen(PORT, () => {\r\n  console.log(`Server has started at port ${PORT}`);\r\n});\r\n\r\nmodule.exports = app;\r\n"]},"_coverageSchema":"1a1c01bbd47fc00a2c39e90264f33305004495a9","hash":"c300ff2405124657e13af9e90b4f26cadf7be555","contentHash":"99652e2d210129e3484de39a5dbeef449c4006eb2fcfcd2a36b752596dac9d57"},"C:\\Users\\innoc\\OneDrive\\Desktop\\Andela StackUp Projects\\Innocent-Ingabire-portfolio\\server\\routes\\routes.js":{"path":"C:\\Users\\innoc\\OneDrive\\Desktop\\Andela StackUp Projects\\Innocent-Ingabire-portfolio\\server\\routes\\routes.js","statementMap":{"0":{"start":{"line":3,"column":15},"end":{"line":3,"column":57}},"1":{"start":{"line":5,"column":13},"end":{"line":5,"column":68}},"2":{"start":{"line":7,"column":15},"end":{"line":7,"column":74}},"3":{"start":{"line":9,"column":12},"end":{"line":9,"column":68}},"4":{"start":{"line":11,"column":15},"end":{"line":11,"column":74}},"5":{"start":{"line":13,"column":16},"end":{"line":13,"column":75}},"6":{"start":{"line":15,"column":23},"end":{"line":15,"column":89}},"7":{"start":{"line":17,"column":39},"end":{"line":17,"column":95}},"8":{"start":{"line":19,"column":13},"end":{"line":19,"column":41}},"9":{"start":{"line":21,"column":16},"end":{"line":21,"column":45}},"10":{"start":{"line":23,"column":22},"end":{"line":23,"column":53}},"11":{"start":{"line":25,"column":0},"end":{"line":25,"column":41}},"12":{"start":{"line":26,"column":0},"end":{"line":26,"column":58}},"13":{"start":{"line":27,"column":0},"end":{"line":27,"column":168}},"14":{"start":{"line":28,"column":0},"end":{"line":28,"column":98}},"15":{"start":{"line":29,"column":0},"end":{"line":29,"column":114}},"16":{"start":{"line":40,"column":0},"end":{"line":40,"column":54}},"17":{"start":{"line":41,"column":0},"end":{"line":41,"column":59}},"18":{"start":{"line":42,"column":0},"end":{"line":42,"column":57}},"19":{"start":{"line":43,"column":0},"end":{"line":43,"column":144}},"20":{"start":{"line":44,"column":0},"end":{"line":44,"column":149}},"21":{"start":{"line":45,"column":0},"end":{"line":45,"column":117}},"22":{"start":{"line":46,"column":0},"end":{"line":46,"column":117}},"23":{"start":{"line":57,"column":0},"end":{"line":57,"column":115}},"24":{"start":{"line":64,"column":0},"end":{"line":64,"column":115}},"25":{"start":{"line":65,"column":0},"end":{"line":65,"column":120}},"26":{"start":{"line":72,"column":0},"end":{"line":72,"column":123}},"27":{"start":{"line":73,"column":0},"end":{"line":73,"column":137}},"28":{"start":{"line":74,"column":0},"end":{"line":74,"column":24}}},"fnMap":{"0":{"name":"_interopRequireDefault","decl":{"start":{"line":17,"column":9},"end":{"line":17,"column":31}},"loc":{"start":{"line":17,"column":37},"end":{"line":17,"column":97}},"line":17}},"branchMap":{"0":{"loc":{"start":{"line":17,"column":46},"end":{"line":17,"column":94}},"type":"cond-expr","locations":[{"start":{"line":17,"column":70},"end":{"line":17,"column":73}},{"start":{"line":17,"column":76},"end":{"line":17,"column":94}}],"line":17},"1":{"loc":{"start":{"line":17,"column":46},"end":{"line":17,"column":67}},"type":"binary-expr","locations":[{"start":{"line":17,"column":46},"end":{"line":17,"column":49}},{"start":{"line":17,"column":53},"end":{"line":17,"column":67}}],"line":17}},"s":{"0":1,"1":1,"2":1,"3":1,"4":1,"5":1,"6":1,"7":7,"8":1,"9":1,"10":1,"11":1,"12":1,"13":1,"14":1,"15":1,"16":1,"17":1,"18":1,"19":1,"20":1,"21":1,"22":1,"23":1,"24":1,"25":1,"26":1,"27":1,"28":1},"f":{"0":7},"b":{"0":[0,7],"1":[7,7]},"inputSourceMap":{"version":3,"sources":["routes.js"],"names":["router","express","Router","swaggerUi","require","swaggerDocument","use","serve","get","setup","post","loginController","login","routeProtector","authenticateToken","queryController","findQueries","validator","queryValidator","createQuery","findQuery","blogController","findBlogs","findBlog","blogValidator","createBlog","patch","updateBlog","deleteBlog","put","updateLikes","commentValidator","createComment","profileController","createProfile","updateProfile","createProject","deleteProject","module","exports"],"mappings":";;AAAA;;AAEA;;AACA;;AACA;;AACA;;AACA;;AACA;;;;AANA,IAAMA,MAAM,GAAGC,oBAAQC,MAAR,EAAf;;AAQA,IAAMC,SAAS,GAAGC,OAAO,CAAC,oBAAD,CAAzB;;AACA,IAAMC,eAAe,GAAGD,OAAO,CAAC,sBAAD,CAA/B;;AAEAJ,MAAM,CAACM,GAAP,CAAW,WAAX,EAAwBH,SAAS,CAACI,KAAlC;AACAP,MAAM,CAACQ,GAAP,CAAW,WAAX,EAAwBL,SAAS,CAACM,KAAV,CAAgBJ,eAAhB,CAAxB;AAEAL,MAAM,CAACU,IAAP,CAAY,iBAAZ,EAA+BC,iBAAgBC,KAA/C,GACEZ,MAAM,CAACQ,GAAP,CACE,mBADF,EAGEK,4BAAeC,iBAHjB,EAIEC,oBAAgBC,WAJlB,CADF;AAOAhB,MAAM,CAACU,IAAP,CACE,cADF,EAEEO,qBAAUC,cAFZ,EAGEH,oBAAgBI,WAHlB;AAKAnB,MAAM,CAACQ,GAAP,CACE,uBADF,EAEEK,4BAAeC,iBAFjB,EAGEC,oBAAgBK,SAHlB;AAMA;;;;;;;;;;AAUApB,MAAM,CAACQ,GAAP,CAAW,YAAX,EAAyBa,kBAAeC,SAAxC;AACAtB,MAAM,CAACQ,GAAP,CAAW,iBAAX,EAA8Ba,kBAAeC,SAA7C;AACAtB,MAAM,CAACQ,GAAP,CAAW,gBAAX,EAA6Ba,kBAAeE,QAA5C;AACAvB,MAAM,CAACU,IAAP,CACE,iBADF,EAEEG,4BAAeC,iBAFjB,EAGEG,qBAAUO,aAHZ,EAIEH,kBAAeI,UAJjB;AAMAzB,MAAM,CAAC0B,KAAP,CACE,qBADF,EAEEb,4BAAeC,iBAFjB,EAGEG,qBAAUO,aAHZ,EAIEH,kBAAeM,UAJjB;AAMA3B,MAAM,UAAN,CACE,qBADF,EAEEa,4BAAeC,iBAFjB,EAGEO,kBAAeO,UAHjB;AAMA5B,MAAM,CAAC6B,GAAP,CACE,0BADF,EAEEhB,4BAAeC,iBAFjB,EAGEO,kBAAeS,WAHjB;AAMA;;;;;;;;;;AASA9B,MAAM,CAACU,IAAP,CACE,6BADF,EAEEO,qBAAUc,gBAFZ,EAGEV,kBAAeW,aAHjB,E,CAKA;AACA;AACA;AACA;AACA;AAEA;;AACAhC,MAAM,CAACU,IAAP,CACE,mBADF,EAEEG,4BAAeC,iBAFjB,EAGEmB,oBAAkBC,aAHpB;AAKAlC,MAAM,CAAC0B,KAAP,CACE,uBADF,EAEEb,4BAAeC,iBAFjB,EAGEmB,oBAAkBE,aAHpB,E,CAKA;AACA;AACA;AACA;AACA;AAEA;;AACAnC,MAAM,CAAC6B,GAAP,CACE,4BADF,EAEEhB,4BAAeC,iBAFjB,EAGEmB,oBAAkBG,aAHpB;AAKApC,MAAM,UAAN,CACE,oCADF,EAEEa,4BAAeC,iBAFjB,EAGEmB,oBAAkBI,aAHpB;AAMAC,MAAM,CAACC,OAAP,GAAiBvC,MAAjB","sourceRoot":"C:\\Users\\innoc\\OneDrive\\Desktop\\Andela StackUp Projects\\Innocent-Ingabire-portfolio\\server\\routes\\","sourcesContent":["import express from \"express\";\r\nconst router = express.Router();\r\nimport blogController from \"../controllers/blogs\";\r\nimport queryController from \"./../controllers/queries\";\r\nimport loginController from \"./../controllers/user\";\r\nimport profileController from \"./../controllers/profile\";\r\nimport validator from \"./../validation/validate\";\r\nimport routeProtector from \"./../validation/routesProtector\";\r\n\r\nconst swaggerUi = require(\"swagger-ui-express\");\r\nconst swaggerDocument = require(\"./../../swagger.json\");\r\n\r\nrouter.use(\"/api-docs\", swaggerUi.serve);\r\nrouter.get(\"/api-docs\", swaggerUi.setup(swaggerDocument));\r\n\r\nrouter.post(\"/api/user/login\", loginController.login),\r\n  router.get(\r\n    \"/api/user/queries\",\r\n\r\n    routeProtector.authenticateToken,\r\n    queryController.findQueries\r\n  );\r\nrouter.post(\r\n  \"/api/queries\",\r\n  validator.queryValidator,\r\n  queryController.createQuery\r\n);\r\nrouter.get(\r\n  \"/api/user/queries/:id\",\r\n  routeProtector.authenticateToken,\r\n  queryController.findQuery\r\n);\r\n\r\n/**\r\n * @swagger\r\n * /api/blogs:\r\n *  get:\r\n *    description: get a list of all posts\r\n *    responses:\r\n *      '200':\r\n *        description: A successful response\r\n */\r\n\r\nrouter.get(\"/api/blogs\", blogController.findBlogs);\r\nrouter.get(\"/api/user/blogs\", blogController.findBlogs);\r\nrouter.get(\"/api/blogs/:id\", blogController.findBlog);\r\nrouter.post(\r\n  \"/api/user/blogs\",\r\n  routeProtector.authenticateToken,\r\n  validator.blogValidator,\r\n  blogController.createBlog\r\n);\r\nrouter.patch(\r\n  \"/api/user/blogs/:id\",\r\n  routeProtector.authenticateToken,\r\n  validator.blogValidator,\r\n  blogController.updateBlog\r\n);\r\nrouter.delete(\r\n  \"/api/user/blogs/:id\",\r\n  routeProtector.authenticateToken,\r\n  blogController.deleteBlog\r\n);\r\n\r\nrouter.put(\r\n  \"/api/user/blogs/like/:id\",\r\n  routeProtector.authenticateToken,\r\n  blogController.updateLikes\r\n);\r\n\r\n/**\r\n * @swagger\r\n * /api/user/blogs/comment/:id:\r\n *  post:\r\n *    description: Post a comment on a blog\r\n *    responses:\r\n *      '200':\r\n *        description: A successful response\r\n */\r\nrouter.post(\r\n  \"/api/user/blogs/comment/:id\",\r\n  validator.commentValidator,\r\n  blogController.createComment\r\n);\r\n// router.delete(\r\n//   \"/api/user/blogs/comment/:id/:comment_id\",\r\n//   routeProtector.protectRoute,\r\n//   blogController.deleteComment\r\n// );\r\n\r\n// profile endpoint\r\nrouter.post(\r\n  \"/api/user/profile\",\r\n  routeProtector.authenticateToken,\r\n  profileController.createProfile\r\n);\r\nrouter.patch(\r\n  \"/api/user/profile/:id\",\r\n  routeProtector.authenticateToken,\r\n  profileController.updateProfile\r\n);\r\n// router.get(\r\n//   \"/api/user/profile\",\r\n//   routeProtector.authenticateToken,\r\n//   profileController.readProfile\r\n// );\r\n\r\n//projects endpoint\r\nrouter.put(\r\n  \"/api/user/profile/projects\",\r\n  routeProtector.authenticateToken,\r\n  profileController.createProject\r\n);\r\nrouter.delete(\r\n  \"/api/user/profile/projects/:pro_id\",\r\n  routeProtector.authenticateToken,\r\n  profileController.deleteProject\r\n);\r\n\r\nmodule.exports = router;\r\n"]},"_coverageSchema":"1a1c01bbd47fc00a2c39e90264f33305004495a9","hash":"264db625f3db4dc9afbde1d3fd38785d8cb5d3ca","contentHash":"07b397e5ead46172d9b86e2213d7a00e119157863c5670bb7db3d3e2202b4600"},"C:\\Users\\innoc\\OneDrive\\Desktop\\Andela StackUp Projects\\Innocent-Ingabire-portfolio\\server\\controllers\\blogs.js":{"path":"C:\\Users\\innoc\\OneDrive\\Desktop\\Andela StackUp Projects\\Innocent-Ingabire-portfolio\\server\\controllers\\blogs.js","statementMap":{"0":{"start":{"line":3,"column":12},"end":{"line":3,"column":61}},"1":{"start":{"line":5,"column":12},"end":{"line":5,"column":61}},"2":{"start":{"line":7,"column":39},"end":{"line":7,"column":95}},"3":{"start":{"line":9,"column":77},"end":{"line":9,"column":175}},"4":{"start":{"line":9,"column":94},"end":{"line":9,"column":107}},"5":{"start":{"line":9,"column":121},"end":{"line":9,"column":131}},"6":{"start":{"line":9,"column":151},"end":{"line":9,"column":165}},"7":{"start":{"line":9,"column":166},"end":{"line":9,"column":173}},"8":{"start":{"line":9,"column":176},"end":{"line":9,"column":263}},"9":{"start":{"line":9,"column":193},"end":{"line":9,"column":208}},"10":{"start":{"line":9,"column":218},"end":{"line":9,"column":261}},"11":{"start":{"line":11,"column":33},"end":{"line":11,"column":387}},"12":{"start":{"line":11,"column":65},"end":{"line":11,"column":69}},"13":{"start":{"line":11,"column":78},"end":{"line":11,"column":87}},"14":{"start":{"line":11,"column":89},"end":{"line":11,"column":384}},"15":{"start":{"line":11,"column":147},"end":{"line":11,"column":167}},"16":{"start":{"line":11,"column":193},"end":{"line":11,"column":264}},"17":{"start":{"line":11,"column":290},"end":{"line":11,"column":360}},"18":{"start":{"line":11,"column":363},"end":{"line":11,"column":380}},"19":{"start":{"line":13,"column":0},"end":{"line":13,"column":39}},"20":{"start":{"line":15,"column":0},"end":{"line":42,"column":4}},"21":{"start":{"line":16,"column":13},"end":{"line":37,"column":5}},"22":{"start":{"line":18,"column":4},"end":{"line":36,"column":16}},"23":{"start":{"line":19,"column":6},"end":{"line":35,"column":7}},"24":{"start":{"line":20,"column":8},"end":{"line":34,"column":9}},"25":{"start":{"line":22,"column":12},"end":{"line":22,"column":30}},"26":{"start":{"line":23,"column":12},"end":{"line":23,"column":43}},"27":{"start":{"line":26,"column":12},"end":{"line":26,"column":34}},"28":{"start":{"line":27,"column":12},"end":{"line":29,"column":15}},"29":{"start":{"line":33,"column":12},"end":{"line":33,"column":35}},"30":{"start":{"line":39,"column":2},"end":{"line":41,"column":4}},"31":{"start":{"line":40,"column":4},"end":{"line":40,"column":39}},"32":{"start":{"line":44,"column":0},"end":{"line":71,"column":4}},"33":{"start":{"line":45,"column":14},"end":{"line":66,"column":5}},"34":{"start":{"line":47,"column":4},"end":{"line":65,"column":17}},"35":{"start":{"line":48,"column":6},"end":{"line":64,"column":7}},"36":{"start":{"line":49,"column":8},"end":{"line":63,"column":9}},"37":{"start":{"line":51,"column":12},"end":{"line":51,"column":50}},"38":{"start":{"line":52,"column":12},"end":{"line":52,"column":31}},"39":{"start":{"line":53,"column":12},"end":{"line":53,"column":31}},"40":{"start":{"line":56,"column":12},"end":{"line":58,"column":16}},"41":{"start":{"line":62,"column":12},"end":{"line":62,"column":36}},"42":{"start":{"line":68,"column":2},"end":{"line":70,"column":4}},"43":{"start":{"line":69,"column":4},"end":{"line":69,"column":40}},"44":{"start":{"line":73,"column":0},"end":{"line":108,"column":4}},"45":{"start":{"line":74,"column":14},"end":{"line":103,"column":5}},"46":{"start":{"line":76,"column":4},"end":{"line":102,"column":33}},"47":{"start":{"line":77,"column":6},"end":{"line":101,"column":7}},"48":{"start":{"line":78,"column":8},"end":{"line":100,"column":9}},"49":{"start":{"line":80,"column":12},"end":{"line":80,"column":31}},"50":{"start":{"line":81,"column":12},"end":{"line":81,"column":31}},"51":{"start":{"line":82,"column":12},"end":{"line":82,"column":60}},"52":{"start":{"line":85,"column":12},"end":{"line":85,"column":34}},"53":{"start":{"line":86,"column":12},"end":{"line":88,"column":16}},"54":{"start":{"line":91,"column":12},"end":{"line":91,"column":31}},"55":{"start":{"line":92,"column":12},"end":{"line":92,"column":49}},"56":{"start":{"line":93,"column":12},"end":{"line":95,"column":16}},"57":{"start":{"line":99,"column":12},"end":{"line":99,"column":36}},"58":{"start":{"line":105,"column":2},"end":{"line":107,"column":4}},"59":{"start":{"line":106,"column":4},"end":{"line":106,"column":40}},"60":{"start":{"line":110,"column":0},"end":{"line":147,"column":4}},"61":{"start":{"line":111,"column":14},"end":{"line":142,"column":5}},"62":{"start":{"line":113,"column":4},"end":{"line":141,"column":33}},"63":{"start":{"line":114,"column":6},"end":{"line":140,"column":7}},"64":{"start":{"line":115,"column":8},"end":{"line":139,"column":9}},"65":{"start":{"line":117,"column":12},"end":{"line":117,"column":31}},"66":{"start":{"line":118,"column":12},"end":{"line":118,"column":31}},"67":{"start":{"line":119,"column":12},"end":{"line":119,"column":60}},"68":{"start":{"line":122,"column":12},"end":{"line":122,"column":34}},"69":{"start":{"line":123,"column":12},"end":{"line":123,"column":42}},"70":{"start":{"line":124,"column":12},"end":{"line":124,"column":24}},"71":{"start":{"line":125,"column":12},"end":{"line":127,"column":16}},"72":{"start":{"line":130,"column":12},"end":{"line":130,"column":31}},"73":{"start":{"line":131,"column":12},"end":{"line":131,"column":49}},"74":{"start":{"line":132,"column":12},"end":{"line":134,"column":16}},"75":{"start":{"line":138,"column":12},"end":{"line":138,"column":36}},"76":{"start":{"line":144,"column":2},"end":{"line":146,"column":4}},"77":{"start":{"line":145,"column":4},"end":{"line":145,"column":40}},"78":{"start":{"line":149,"column":0},"end":{"line":188,"column":4}},"79":{"start":{"line":150,"column":14},"end":{"line":183,"column":5}},"80":{"start":{"line":152,"column":4},"end":{"line":182,"column":33}},"81":{"start":{"line":153,"column":6},"end":{"line":181,"column":7}},"82":{"start":{"line":154,"column":8},"end":{"line":180,"column":9}},"83":{"start":{"line":156,"column":12},"end":{"line":156,"column":31}},"84":{"start":{"line":157,"column":12},"end":{"line":157,"column":31}},"85":{"start":{"line":158,"column":12},"end":{"line":158,"column":60}},"86":{"start":{"line":161,"column":12},"end":{"line":161,"column":34}},"87":{"start":{"line":162,"column":12},"end":{"line":162,"column":31}},"88":{"start":{"line":163,"column":12},"end":{"line":163,"column":33}},"89":{"start":{"line":166,"column":12},"end":{"line":168,"column":16}},"90":{"start":{"line":171,"column":12},"end":{"line":171,"column":31}},"91":{"start":{"line":172,"column":12},"end":{"line":172,"column":49}},"92":{"start":{"line":173,"column":12},"end":{"line":175,"column":16}},"93":{"start":{"line":179,"column":12},"end":{"line":179,"column":36}},"94":{"start":{"line":185,"column":2},"end":{"line":187,"column":4}},"95":{"start":{"line":186,"column":4},"end":{"line":186,"column":40}},"96":{"start":{"line":191,"column":0},"end":{"line":245,"column":4}},"97":{"start":{"line":192,"column":14},"end":{"line":240,"column":5}},"98":{"start":{"line":194,"column":4},"end":{"line":239,"column":34}},"99":{"start":{"line":195,"column":6},"end":{"line":238,"column":7}},"100":{"start":{"line":196,"column":8},"end":{"line":237,"column":9}},"101":{"start":{"line":198,"column":12},"end":{"line":198,"column":31}},"102":{"start":{"line":199,"column":12},"end":{"line":199,"column":31}},"103":{"start":{"line":200,"column":12},"end":{"line":200,"column":60}},"104":{"start":{"line":203,"column":12},"end":{"line":203,"column":34}},"105":{"start":{"line":205,"column":12},"end":{"line":210,"column":13}},"106":{"start":{"line":206,"column":14},"end":{"line":206,"column":47}},"107":{"start":{"line":208,"column":14},"end":{"line":208,"column":33}},"108":{"start":{"line":209,"column":14},"end":{"line":209,"column":20}},"109":{"start":{"line":212,"column":12},"end":{"line":214,"column":16}},"110":{"start":{"line":217,"column":12},"end":{"line":219,"column":15}},"111":{"start":{"line":220,"column":12},"end":{"line":220,"column":31}},"112":{"start":{"line":221,"column":12},"end":{"line":221,"column":31}},"113":{"start":{"line":224,"column":12},"end":{"line":224,"column":80}},"114":{"start":{"line":227,"column":12},"end":{"line":227,"column":32}},"115":{"start":{"line":228,"column":12},"end":{"line":228,"column":49}},"116":{"start":{"line":229,"column":12},"end":{"line":229,"column":48}},"117":{"start":{"line":230,"column":12},"end":{"line":232,"column":16}},"118":{"start":{"line":236,"column":12},"end":{"line":236,"column":36}},"119":{"start":{"line":242,"column":2},"end":{"line":244,"column":4}},"120":{"start":{"line":243,"column":4},"end":{"line":243,"column":40}},"121":{"start":{"line":248,"column":0},"end":{"line":296,"column":4}},"122":{"start":{"line":249,"column":14},"end":{"line":291,"column":5}},"123":{"start":{"line":251,"column":4},"end":{"line":290,"column":34}},"124":{"start":{"line":252,"column":6},"end":{"line":289,"column":7}},"125":{"start":{"line":253,"column":8},"end":{"line":288,"column":9}},"126":{"start":{"line":255,"column":12},"end":{"line":255,"column":31}},"127":{"start":{"line":256,"column":12},"end":{"line":256,"column":31}},"128":{"start":{"line":257,"column":12},"end":{"line":257,"column":60}},"129":{"start":{"line":260,"column":12},"end":{"line":260,"column":34}},"130":{"start":{"line":261,"column":12},"end":{"line":266,"column":14}},"131":{"start":{"line":267,"column":12},"end":{"line":267,"column":46}},"132":{"start":{"line":268,"column":12},"end":{"line":268,"column":31}},"133":{"start":{"line":269,"column":12},"end":{"line":269,"column":31}},"134":{"start":{"line":272,"column":12},"end":{"line":275,"column":16}},"135":{"start":{"line":278,"column":12},"end":{"line":278,"column":32}},"136":{"start":{"line":279,"column":12},"end":{"line":279,"column":49}},"137":{"start":{"line":280,"column":12},"end":{"line":280,"column":48}},"138":{"start":{"line":281,"column":12},"end":{"line":283,"column":16}},"139":{"start":{"line":287,"column":12},"end":{"line":287,"column":36}},"140":{"start":{"line":293,"column":2},"end":{"line":295,"column":4}},"141":{"start":{"line":294,"column":4},"end":{"line":294,"column":40}}},"fnMap":{"0":{"name":"_interopRequireDefault","decl":{"start":{"line":7,"column":9},"end":{"line":7,"column":31}},"loc":{"start":{"line":7,"column":37},"end":{"line":7,"column":97}},"line":7},"1":{"name":"asyncGeneratorStep","decl":{"start":{"line":9,"column":9},"end":{"line":9,"column":27}},"loc":{"start":{"line":9,"column":75},"end":{"line":9,"column":265}},"line":9},"2":{"name":"_asyncToGenerator","decl":{"start":{"line":11,"column":9},"end":{"line":11,"column":26}},"loc":{"start":{"line":11,"column":31},"end":{"line":11,"column":389}},"line":11},"3":{"name":"(anonymous_3)","decl":{"start":{"line":11,"column":40},"end":{"line":11,"column":41}},"loc":{"start":{"line":11,"column":52},"end":{"line":11,"column":386}},"line":11},"4":{"name":"(anonymous_4)","decl":{"start":{"line":11,"column":108},"end":{"line":11,"column":109}},"loc":{"start":{"line":11,"column":135},"end":{"line":11,"column":382}},"line":11},"5":{"name":"_next","decl":{"start":{"line":11,"column":178},"end":{"line":11,"column":183}},"loc":{"start":{"line":11,"column":191},"end":{"line":11,"column":266}},"line":11},"6":{"name":"_throw","decl":{"start":{"line":11,"column":276},"end":{"line":11,"column":282}},"loc":{"start":{"line":11,"column":288},"end":{"line":11,"column":362}},"line":11},"7":{"name":"(anonymous_7)","decl":{"start":{"line":15,"column":33},"end":{"line":15,"column":34}},"loc":{"start":{"line":15,"column":45},"end":{"line":42,"column":1}},"line":15},"8":{"name":"_callee","decl":{"start":{"line":16,"column":78},"end":{"line":16,"column":85}},"loc":{"start":{"line":16,"column":96},"end":{"line":37,"column":3}},"line":16},"9":{"name":"_callee$","decl":{"start":{"line":18,"column":44},"end":{"line":18,"column":52}},"loc":{"start":{"line":18,"column":63},"end":{"line":36,"column":5}},"line":18},"10":{"name":"(anonymous_10)","decl":{"start":{"line":39,"column":9},"end":{"line":39,"column":10}},"loc":{"start":{"line":39,"column":28},"end":{"line":41,"column":3}},"line":39},"11":{"name":"(anonymous_11)","decl":{"start":{"line":44,"column":34},"end":{"line":44,"column":35}},"loc":{"start":{"line":44,"column":46},"end":{"line":71,"column":1}},"line":44},"12":{"name":"_callee2","decl":{"start":{"line":45,"column":79},"end":{"line":45,"column":87}},"loc":{"start":{"line":45,"column":98},"end":{"line":66,"column":3}},"line":45},"13":{"name":"_callee2$","decl":{"start":{"line":47,"column":44},"end":{"line":47,"column":53}},"loc":{"start":{"line":47,"column":65},"end":{"line":65,"column":5}},"line":47},"14":{"name":"(anonymous_14)","decl":{"start":{"line":68,"column":9},"end":{"line":68,"column":10}},"loc":{"start":{"line":68,"column":29},"end":{"line":70,"column":3}},"line":68},"15":{"name":"(anonymous_15)","decl":{"start":{"line":73,"column":32},"end":{"line":73,"column":33}},"loc":{"start":{"line":73,"column":44},"end":{"line":108,"column":1}},"line":73},"16":{"name":"_callee3","decl":{"start":{"line":74,"column":79},"end":{"line":74,"column":87}},"loc":{"start":{"line":74,"column":98},"end":{"line":103,"column":3}},"line":74},"17":{"name":"_callee3$","decl":{"start":{"line":76,"column":44},"end":{"line":76,"column":53}},"loc":{"start":{"line":76,"column":65},"end":{"line":102,"column":5}},"line":76},"18":{"name":"(anonymous_18)","decl":{"start":{"line":105,"column":9},"end":{"line":105,"column":10}},"loc":{"start":{"line":105,"column":29},"end":{"line":107,"column":3}},"line":105},"19":{"name":"(anonymous_19)","decl":{"start":{"line":110,"column":34},"end":{"line":110,"column":35}},"loc":{"start":{"line":110,"column":46},"end":{"line":147,"column":1}},"line":110},"20":{"name":"_callee4","decl":{"start":{"line":111,"column":79},"end":{"line":111,"column":87}},"loc":{"start":{"line":111,"column":98},"end":{"line":142,"column":3}},"line":111},"21":{"name":"_callee4$","decl":{"start":{"line":113,"column":44},"end":{"line":113,"column":53}},"loc":{"start":{"line":113,"column":65},"end":{"line":141,"column":5}},"line":113},"22":{"name":"(anonymous_22)","decl":{"start":{"line":144,"column":9},"end":{"line":144,"column":10}},"loc":{"start":{"line":144,"column":29},"end":{"line":146,"column":3}},"line":144},"23":{"name":"(anonymous_23)","decl":{"start":{"line":149,"column":34},"end":{"line":149,"column":35}},"loc":{"start":{"line":149,"column":46},"end":{"line":188,"column":1}},"line":149},"24":{"name":"_callee5","decl":{"start":{"line":150,"column":79},"end":{"line":150,"column":87}},"loc":{"start":{"line":150,"column":98},"end":{"line":183,"column":3}},"line":150},"25":{"name":"_callee5$","decl":{"start":{"line":152,"column":44},"end":{"line":152,"column":53}},"loc":{"start":{"line":152,"column":65},"end":{"line":182,"column":5}},"line":152},"26":{"name":"(anonymous_26)","decl":{"start":{"line":185,"column":9},"end":{"line":185,"column":10}},"loc":{"start":{"line":185,"column":30},"end":{"line":187,"column":3}},"line":185},"27":{"name":"(anonymous_27)","decl":{"start":{"line":191,"column":35},"end":{"line":191,"column":36}},"loc":{"start":{"line":191,"column":47},"end":{"line":245,"column":1}},"line":191},"28":{"name":"_callee6","decl":{"start":{"line":192,"column":79},"end":{"line":192,"column":87}},"loc":{"start":{"line":192,"column":98},"end":{"line":240,"column":3}},"line":192},"29":{"name":"_callee6$","decl":{"start":{"line":194,"column":44},"end":{"line":194,"column":53}},"loc":{"start":{"line":194,"column":65},"end":{"line":239,"column":5}},"line":194},"30":{"name":"(anonymous_30)","decl":{"start":{"line":205,"column":36},"end":{"line":205,"column":37}},"loc":{"start":{"line":205,"column":52},"end":{"line":207,"column":13}},"line":205},"31":{"name":"(anonymous_31)","decl":{"start":{"line":242,"column":9},"end":{"line":242,"column":10}},"loc":{"start":{"line":242,"column":31},"end":{"line":244,"column":3}},"line":242},"32":{"name":"(anonymous_32)","decl":{"start":{"line":248,"column":37},"end":{"line":248,"column":38}},"loc":{"start":{"line":248,"column":49},"end":{"line":296,"column":1}},"line":248},"33":{"name":"_callee7","decl":{"start":{"line":249,"column":79},"end":{"line":249,"column":87}},"loc":{"start":{"line":249,"column":98},"end":{"line":291,"column":3}},"line":249},"34":{"name":"_callee7$","decl":{"start":{"line":251,"column":44},"end":{"line":251,"column":53}},"loc":{"start":{"line":251,"column":65},"end":{"line":290,"column":5}},"line":251},"35":{"name":"(anonymous_35)","decl":{"start":{"line":293,"column":9},"end":{"line":293,"column":10}},"loc":{"start":{"line":293,"column":31},"end":{"line":295,"column":3}},"line":293}},"branchMap":{"0":{"loc":{"start":{"line":7,"column":46},"end":{"line":7,"column":94}},"type":"cond-expr","locations":[{"start":{"line":7,"column":70},"end":{"line":7,"column":73}},{"start":{"line":7,"column":76},"end":{"line":7,"column":94}}],"line":7},"1":{"loc":{"start":{"line":7,"column":46},"end":{"line":7,"column":67}},"type":"binary-expr","locations":[{"start":{"line":7,"column":46},"end":{"line":7,"column":49}},{"start":{"line":7,"column":53},"end":{"line":7,"column":67}}],"line":7},"2":{"loc":{"start":{"line":9,"column":176},"end":{"line":9,"column":263}},"type":"if","locations":[{"start":{"line":9,"column":176},"end":{"line":9,"column":263}},{"start":{"line":9,"column":176},"end":{"line":9,"column":263}}],"line":9},"3":{"loc":{"start":{"line":20,"column":8},"end":{"line":34,"column":9}},"type":"switch","locations":[{"start":{"line":21,"column":10},"end":{"line":23,"column":43}},{"start":{"line":25,"column":10},"end":{"line":29,"column":15}},{"start":{"line":31,"column":10},"end":{"line":31,"column":17}},{"start":{"line":32,"column":10},"end":{"line":33,"column":35}}],"line":20},"4":{"loc":{"start":{"line":49,"column":8},"end":{"line":63,"column":9}},"type":"switch","locations":[{"start":{"line":50,"column":10},"end":{"line":53,"column":31}},{"start":{"line":55,"column":10},"end":{"line":58,"column":16}},{"start":{"line":60,"column":10},"end":{"line":60,"column":17}},{"start":{"line":61,"column":10},"end":{"line":62,"column":36}}],"line":49},"5":{"loc":{"start":{"line":78,"column":8},"end":{"line":100,"column":9}},"type":"switch","locations":[{"start":{"line":79,"column":10},"end":{"line":82,"column":60}},{"start":{"line":84,"column":10},"end":{"line":88,"column":16}},{"start":{"line":90,"column":10},"end":{"line":95,"column":16}},{"start":{"line":97,"column":10},"end":{"line":97,"column":18}},{"start":{"line":98,"column":10},"end":{"line":99,"column":36}}],"line":78},"6":{"loc":{"start":{"line":115,"column":8},"end":{"line":139,"column":9}},"type":"switch","locations":[{"start":{"line":116,"column":10},"end":{"line":119,"column":60}},{"start":{"line":121,"column":10},"end":{"line":127,"column":16}},{"start":{"line":129,"column":10},"end":{"line":134,"column":16}},{"start":{"line":136,"column":10},"end":{"line":136,"column":18}},{"start":{"line":137,"column":10},"end":{"line":138,"column":36}}],"line":115},"7":{"loc":{"start":{"line":154,"column":8},"end":{"line":180,"column":9}},"type":"switch","locations":[{"start":{"line":155,"column":10},"end":{"line":158,"column":60}},{"start":{"line":160,"column":10},"end":{"line":163,"column":33}},{"start":{"line":165,"column":10},"end":{"line":168,"column":16}},{"start":{"line":170,"column":10},"end":{"line":175,"column":16}},{"start":{"line":177,"column":10},"end":{"line":177,"column":18}},{"start":{"line":178,"column":10},"end":{"line":179,"column":36}}],"line":154},"8":{"loc":{"start":{"line":196,"column":8},"end":{"line":237,"column":9}},"type":"switch","locations":[{"start":{"line":197,"column":10},"end":{"line":200,"column":60}},{"start":{"line":202,"column":10},"end":{"line":214,"column":16}},{"start":{"line":216,"column":10},"end":{"line":221,"column":31}},{"start":{"line":223,"column":10},"end":{"line":224,"column":80}},{"start":{"line":226,"column":10},"end":{"line":232,"column":16}},{"start":{"line":234,"column":10},"end":{"line":234,"column":18}},{"start":{"line":235,"column":10},"end":{"line":236,"column":36}}],"line":196},"9":{"loc":{"start":{"line":205,"column":12},"end":{"line":210,"column":13}},"type":"if","locations":[{"start":{"line":205,"column":12},"end":{"line":210,"column":13}},{"start":{"line":205,"column":12},"end":{"line":210,"column":13}}],"line":205},"10":{"loc":{"start":{"line":253,"column":8},"end":{"line":288,"column":9}},"type":"switch","locations":[{"start":{"line":254,"column":10},"end":{"line":257,"column":60}},{"start":{"line":259,"column":10},"end":{"line":269,"column":31}},{"start":{"line":271,"column":10},"end":{"line":275,"column":16}},{"start":{"line":277,"column":10},"end":{"line":283,"column":16}},{"start":{"line":285,"column":10},"end":{"line":285,"column":18}},{"start":{"line":286,"column":10},"end":{"line":287,"column":36}}],"line":253}},"s":{"0":1,"1":1,"2":2,"3":16,"4":16,"5":16,"6":0,"7":0,"8":16,"9":7,"10":9,"11":7,"12":7,"13":7,"14":7,"15":7,"16":15,"17":1,"18":7,"19":1,"20":1,"21":1,"22":1,"23":2,"24":2,"25":1,"26":1,"27":1,"28":1,"29":1,"30":1,"31":1,"32":1,"33":1,"34":1,"35":3,"36":3,"37":1,"38":1,"39":1,"40":1,"41":1,"42":1,"43":1,"44":1,"45":1,"46":2,"47":6,"48":6,"49":2,"50":2,"51":2,"52":1,"53":1,"54":1,"55":1,"56":1,"57":2,"58":1,"59":2,"60":1,"61":1,"62":1,"63":3,"64":3,"65":1,"66":1,"67":1,"68":1,"69":1,"70":1,"71":1,"72":0,"73":0,"74":0,"75":1,"76":1,"77":1,"78":1,"79":1,"80":1,"81":4,"82":4,"83":1,"84":1,"85":1,"86":1,"87":1,"88":1,"89":1,"90":0,"91":0,"92":0,"93":1,"94":1,"95":1,"96":1,"97":1,"98":0,"99":0,"100":0,"101":0,"102":0,"103":0,"104":0,"105":0,"106":0,"107":0,"108":0,"109":0,"110":0,"111":0,"112":0,"113":0,"114":0,"115":0,"116":0,"117":0,"118":0,"119":1,"120":0,"121":1,"122":1,"123":1,"124":4,"125":4,"126":1,"127":1,"128":1,"129":1,"130":1,"131":1,"132":1,"133":1,"134":1,"135":0,"136":0,"137":0,"138":0,"139":1,"140":1,"141":1},"f":{"0":2,"1":16,"2":7,"3":7,"4":7,"5":15,"6":1,"7":1,"8":1,"9":2,"10":1,"11":1,"12":1,"13":3,"14":1,"15":1,"16":2,"17":6,"18":2,"19":1,"20":1,"21":3,"22":1,"23":1,"24":1,"25":4,"26":1,"27":1,"28":0,"29":0,"30":0,"31":0,"32":1,"33":1,"34":4,"35":1},"b":{"0":[0,2],"1":[2,2],"2":[7,9],"3":[1,1,1,1],"4":[1,1,0,1],"5":[2,1,1,0,2],"6":[1,1,0,0,1],"7":[1,1,1,0,0,1],"8":[0,0,0,0,0,0,0],"9":[0,0],"10":[1,1,1,0,0,1]},"inputSourceMap":{"version":3,"sources":["blogs.js"],"names":["require","exports","findBlogs","req","res","Blog","find","blogs","status","send","data","createBlog","blog","body","save","findBlog","findById","params","id","error","updateBlog","Object","assign","deleteBlog","remove","updateLikes","likes","filter","like","user","length","unshift","console","message","createComment","newComment","text","name","comments"],"mappings":";;AAAA;;AACA;;;;;;;;AACAA,OAAO,CAAC,6BAAD,CAAP;;AAEAC,OAAO,CAACC,SAAR;AAAA,qEAAoB,iBAAOC,GAAP,EAAYC,GAAZ;AAAA;AAAA;AAAA;AAAA;AAAA;AAAA;AAAA,mBACEC,iBAAKC,IAAL,EADF;;AAAA;AACZC,YAAAA,KADY;AAElBH,YAAAA,GAAG,CAACI,MAAJ,CAAW,GAAX,EAAgBC,IAAhB,CAAqB;AACnBC,cAAAA,IAAI,EAAEH;AADa,aAArB;;AAFkB;AAAA;AAAA;AAAA;AAAA;AAAA;AAAA,GAApB;;AAAA;AAAA;AAAA;AAAA;;AAOAN,OAAO,CAACU,UAAR;AAAA,sEAAqB,kBAAOR,GAAP,EAAYC,GAAZ;AAAA;AAAA;AAAA;AAAA;AAAA;AACbQ,YAAAA,IADa,GACN,IAAIP,gBAAJ,CAASF,GAAG,CAACU,IAAb,CADM;AAAA;AAAA,mBAEbD,IAAI,CAACE,IAAL,EAFa;;AAAA;AAAA,8CAGZV,GAAG,CAACI,MAAJ,CAAW,GAAX,EAAgBC,IAAhB,CAAqB;AAAEC,cAAAA,IAAI,EAAEE;AAAR,aAArB,CAHY;;AAAA;AAAA;AAAA;AAAA;AAAA;AAAA;AAAA,GAArB;;AAAA;AAAA;AAAA;AAAA;;AAMAX,OAAO,CAACc,QAAR;AAAA,sEAAmB,kBAAOZ,GAAP,EAAYC,GAAZ;AAAA;AAAA;AAAA;AAAA;AAAA;AAAA;AAAA;AAAA,mBAEIC,iBAAKW,QAAL,CAAcb,GAAG,CAACc,MAAJ,CAAWC,EAAzB,CAFJ;;AAAA;AAETN,YAAAA,IAFS;AAAA,8CAGRR,GAAG,CAACI,MAAJ,CAAW,GAAX,EAAgBC,IAAhB,CAAqB;AAAEC,cAAAA,IAAI,EAAEE;AAAR,aAArB,CAHQ;;AAAA;AAAA;AAAA;AAAA,8CAKRR,GAAG,CAACI,MAAJ,CAAW,GAAX,EAAgBC,IAAhB,CAAqB;AAAEU,cAAAA,KAAK,EAAE;AAAT,aAArB,CALQ;;AAAA;AAAA;AAAA;AAAA;AAAA;AAAA;AAAA,GAAnB;;AAAA;AAAA;AAAA;AAAA;;AASAlB,OAAO,CAACmB,UAAR;AAAA,sEAAqB,kBAAOjB,GAAP,EAAYC,GAAZ;AAAA;AAAA;AAAA;AAAA;AAAA;AAAA;AAAA;AAAA,mBAEEC,iBAAKW,QAAL,CAAcb,GAAG,CAACc,MAAJ,CAAWC,EAAzB,CAFF;;AAAA;AAEXN,YAAAA,IAFW;AAGjBS,YAAAA,MAAM,CAACC,MAAP,CAAcV,IAAd,EAAoBT,GAAG,CAACU,IAAxB;AACAD,YAAAA,IAAI,CAACE,IAAL;AAJiB,8CAKVV,GAAG,CAACK,IAAJ,CAAS;AAAEC,cAAAA,IAAI,EAAEE;AAAR,aAAT,CALU;;AAAA;AAAA;AAAA;AAAA,8CAOVR,GAAG,CAACI,MAAJ,CAAW,GAAX,EAAgBC,IAAhB,CAAqB;AAAEU,cAAAA,KAAK,EAAE;AAAT,aAArB,CAPU;;AAAA;AAAA;AAAA;AAAA;AAAA;AAAA;AAAA,GAArB;;AAAA;AAAA;AAAA;AAAA;;AAWAlB,OAAO,CAACsB,UAAR;AAAA,sEAAqB,kBAAOpB,GAAP,EAAYC,GAAZ;AAAA;AAAA;AAAA;AAAA;AAAA;AAAA;AAAA;AAAA,mBAEEC,iBAAKW,QAAL,CAAcb,GAAG,CAACc,MAAJ,CAAWC,EAAzB,CAFF;;AAAA;AAEXN,YAAAA,IAFW;AAAA;AAAA,mBAGXA,IAAI,CAACY,MAAL,EAHW;;AAAA;AAAA,8CAIVpB,GAAG,CAACI,MAAJ,CAAW,GAAX,EAAgBC,IAAhB,CAAqB;AAAED,cAAAA,MAAM,EAAE;AAAV,aAArB,CAJU;;AAAA;AAAA;AAAA;AAAA,8CAMVJ,GAAG,CAACI,MAAJ,CAAW,GAAX,EAAgBC,IAAhB,CAAqB;AAAEU,cAAAA,KAAK,EAAE;AAAT,aAArB,CANU;;AAAA;AAAA;AAAA;AAAA;AAAA;AAAA;AAAA,GAArB;;AAAA;AAAA;AAAA;AAAA,I,CAUA;;;AACAlB,OAAO,CAACwB,WAAR;AAAA,sEAAsB,kBAAOtB,GAAP,EAAYC,GAAZ;AAAA;AAAA;AAAA;AAAA;AAAA;AAAA;AAAA;AAAA,mBAECC,iBAAKW,QAAL,CAAcb,GAAG,CAACc,MAAJ,CAAWC,EAAzB,CAFD;;AAAA;AAEZN,YAAAA,IAFY;;AAAA,kBAIdA,IAAI,CAACc,KAAL,CAAWC,MAAX,CAAkB,UAACC,IAAD;AAAA,qBAAUA,IAAI,CAACC,IAAL,KAAc1B,GAAG,CAAC0B,IAAJ,CAASX,EAAjC;AAAA,aAAlB,EAAuDY,MAAvD,GAAgE,CAJlD;AAAA;AAAA;AAAA;;AAAA,8CAKT1B,GAAG,CAACI,MAAJ,CAAW,GAAX,EAAgBC,IAAhB,CAAqB;AAAED,cAAAA,MAAM,EAAE;AAAV,aAArB,CALS;;AAAA;AAOlBI,YAAAA,IAAI,CAACc,KAAL,CAAWK,OAAX,CAAmB;AAAEF,cAAAA,IAAI,EAAE1B,GAAG,CAAC0B,IAAJ,CAASX;AAAjB,aAAnB;AAPkB;AAAA,mBAQZN,IAAI,CAACE,IAAL,EARY;;AAAA;AAAA,8CASXV,GAAG,CAACI,MAAJ,CAAW,GAAX,EAAgBC,IAAhB,CAAqBG,IAAI,CAACc,KAA1B,CATW;;AAAA;AAAA;AAAA;AAWlBM,YAAAA,OAAO,CAACb,KAAR,CAAc,aAAMc,OAApB;AAXkB,8CAYX7B,GAAG,CAACI,MAAJ,CAAW,GAAX,EAAgBC,IAAhB,CAAqB;AAAEU,cAAAA,KAAK,EAAE;AAAT,aAArB,CAZW;;AAAA;AAAA;AAAA;AAAA;AAAA;AAAA;AAAA,GAAtB;;AAAA;AAAA;AAAA;AAAA,I,CAgBA;;;AACAlB,OAAO,CAACiC,aAAR;AAAA,sEAAwB,kBAAO/B,GAAP,EAAYC,GAAZ;AAAA;AAAA;AAAA;AAAA;AAAA;AAAA;AAAA;AAAA,mBAGDC,iBAAKW,QAAL,CAAcb,GAAG,CAACc,MAAJ,CAAWC,EAAzB,CAHC;;AAAA;AAGdN,YAAAA,IAHc;AAIduB,YAAAA,UAJc,GAID;AACjBC,cAAAA,IAAI,EAAEjC,GAAG,CAACU,IAAJ,CAASuB,IADE;AAEjBC,cAAAA,IAAI,EAAElC,GAAG,CAACU,IAAJ,CAASwB,IAFE,CAGjB;AACA;;AAJiB,aAJC;AAUpBzB,YAAAA,IAAI,CAAC0B,QAAL,CAAcP,OAAd,CAAsBI,UAAtB;AAVoB;AAAA,mBAWdvB,IAAI,CAACE,IAAL,EAXc;;AAAA;AAAA,8CAYbV,GAAG,CAACI,MAAJ,CAAW,GAAX,EAAgBC,IAAhB,CAAqB;AAC1BD,cAAAA,MAAM,EAAE,GADkB;AAE1ByB,cAAAA,OAAO,EAAE;AAFiB,aAArB,CAZa;;AAAA;AAAA;AAAA;AAiBpBD,YAAAA,OAAO,CAACb,KAAR,CAAc,aAAMc,OAApB;AAjBoB,8CAkBb7B,GAAG,CAACI,MAAJ,CAAW,GAAX,EAAgBC,IAAhB,CAAqB;AAAEU,cAAAA,KAAK,EAAE;AAAT,aAArB,CAlBa;;AAAA;AAAA;AAAA;AAAA;AAAA;AAAA;AAAA,GAAxB;;AAAA;AAAA;AAAA;AAAA","sourceRoot":"C:\\Users\\innoc\\OneDrive\\Desktop\\Andela StackUp Projects\\Innocent-Ingabire-portfolio\\server\\controllers\\","sourcesContent":["import Blog from \"../models/Blog\";\r\nimport User from \"../models/User\";\r\nrequire(\"regenerator-runtime/runtime\");\r\n\r\nexports.findBlogs = async (req, res) => {\r\n  const blogs = await Blog.find();\r\n  res.status(200).send({\r\n    data: blogs,\r\n  });\r\n};\r\n\r\nexports.createBlog = async (req, res) => {\r\n  const blog = new Blog(req.body);\r\n  await blog.save();\r\n  return res.status(200).send({ data: blog });\r\n};\r\n\r\nexports.findBlog = async (req, res) => {\r\n  try {\r\n    const blog = await Blog.findById(req.params.id);\r\n    return res.status(200).send({ data: blog });\r\n  } catch (error) {\r\n    return res.status(404).send({ error: \"Blog post is not found!\" });\r\n  }\r\n};\r\n\r\nexports.updateBlog = async (req, res) => {\r\n  try {\r\n    const blog = await Blog.findById(req.params.id);\r\n    Object.assign(blog, req.body);\r\n    blog.save();\r\n    return res.send({ data: blog });\r\n  } catch (error) {\r\n    return res.status(404).send({ error: \"Blog is not found!\" });\r\n  }\r\n};\r\n\r\nexports.deleteBlog = async (req, res) => {\r\n  try {\r\n    const blog = await Blog.findById(req.params.id);\r\n    await blog.remove();\r\n    return res.status(200).send({ status: \"Blog is deleted\" });\r\n  } catch (error) {\r\n    return res.status(404).send({ error: \"Blog is not found!\" });\r\n  }\r\n};\r\n\r\n// update likes\r\nexports.updateLikes = async (req, res) => {\r\n  try {\r\n    const blog = await Blog.findById(req.params.id);\r\n    //check if it has been liked\r\n    if (blog.likes.filter((like) => like.user === req.user.id).length > 0) {\r\n      return res.status(400).send({ status: \"Post already liked\" });\r\n    }\r\n    blog.likes.unshift({ user: req.user.id });\r\n    await blog.save();\r\n    return res.status(200).send(blog.likes);\r\n  } catch (error) {\r\n    console.error(error.message);\r\n    return res.status(500).send({ error: \"Server Error\" });\r\n  }\r\n};\r\n\r\n// add comments\r\nexports.createComment = async (req, res) => {\r\n  try {\r\n    // const user = await User.findById(req.user.id).select(\"-password\");\r\n    const blog = await Blog.findById(req.params.id);\r\n    const newComment = {\r\n      text: req.body.text,\r\n      name: req.body.name,\r\n      // avatar: user.avatar,\r\n      // user: req.user.id,\r\n    };\r\n    blog.comments.unshift(newComment);\r\n    await blog.save();\r\n    return res.status(200).send({\r\n      status: 200,\r\n      message: \"Comment added\",\r\n    });\r\n  } catch (error) {\r\n    console.error(error.message);\r\n    return res.status(500).send({ error: \"Server Error\" });\r\n  }\r\n};\r\n"]},"_coverageSchema":"1a1c01bbd47fc00a2c39e90264f33305004495a9","hash":"2812768e12404ce673363ee41a8d71f1b130e265","contentHash":"eac0db63808089cf4b3697cfec17abe93d745b8c8e5e7088211bbcccaa696438"},"C:\\Users\\innoc\\OneDrive\\Desktop\\Andela StackUp Projects\\Innocent-Ingabire-portfolio\\server\\models\\Blog.js":{"path":"C:\\Users\\innoc\\OneDrive\\Desktop\\Andela StackUp Projects\\Innocent-Ingabire-portfolio\\server\\models\\Blog.js","statementMap":{"0":{"start":{"line":3,"column":16},"end":{"line":3,"column":59}},"1":{"start":{"line":5,"column":0},"end":{"line":5,"column":29}},"2":{"start":{"line":7,"column":39},"end":{"line":7,"column":95}},"3":{"start":{"line":9,"column":13},"end":{"line":45,"column":2}},"4":{"start":{"line":47,"column":0},"end":{"line":47,"column":60}}},"fnMap":{"0":{"name":"_interopRequireDefault","decl":{"start":{"line":7,"column":9},"end":{"line":7,"column":31}},"loc":{"start":{"line":7,"column":37},"end":{"line":7,"column":97}},"line":7}},"branchMap":{"0":{"loc":{"start":{"line":7,"column":46},"end":{"line":7,"column":94}},"type":"cond-expr","locations":[{"start":{"line":7,"column":70},"end":{"line":7,"column":73}},{"start":{"line":7,"column":76},"end":{"line":7,"column":94}}],"line":7},"1":{"loc":{"start":{"line":7,"column":46},"end":{"line":7,"column":67}},"type":"binary-expr","locations":[{"start":{"line":7,"column":46},"end":{"line":7,"column":49}},{"start":{"line":7,"column":53},"end":{"line":7,"column":67}}],"line":7}},"s":{"0":1,"1":1,"2":1,"3":1,"4":1},"f":{"0":1},"b":{"0":[0,1],"1":[1,1]},"inputSourceMap":{"version":3,"sources":["Blog.js"],"names":["schema","mongoose","Schema","title","type","String","minlength","content","image","SchemaTypes","Url","likes","user","Types","ObjectId","ref","comments","text","name","avatar","date","Date","now","createdAt","module","exports","model"],"mappings":";;AAAA;;AACA;;;;AAEA,IAAMA,MAAM,GAAGC,qBAASC,MAAT,CAAgB;AAC7BC,EAAAA,KAAK,EAAE;AACLC,IAAAA,IAAI,EAAEC,MADD;AAELC,IAAAA,SAAS,EAAE;AAFN,GADsB;AAK7BC,EAAAA,OAAO,EAAE;AACPH,IAAAA,IAAI,EAAEC,MADC;AAEPC,IAAAA,SAAS,EAAE;AAFJ,GALoB;AAS7BE,EAAAA,KAAK,EAAEP,qBAASQ,WAAT,CAAqBC,GATC;AAU7BC,EAAAA,KAAK,EAAE,CACL;AACEC,IAAAA,IAAI,EAAE;AACJR,MAAAA,IAAI,EAAEH,qBAASC,MAAT,CAAgBW,KAAhB,CAAsBC,QADxB;AAEJC,MAAAA,GAAG,EAAE;AAFD;AADR,GADK,CAVsB;AAkB7BC,EAAAA,QAAQ,EAAE,CACR;AACEJ,IAAAA,IAAI,EAAE,EADR;AAEEK,IAAAA,IAAI,EAAE;AACJb,MAAAA,IAAI,EAAEC;AADF,KAFR;AAKEa,IAAAA,IAAI,EAAE;AACJd,MAAAA,IAAI,EAAEC;AADF,KALR;AAQEc,IAAAA,MAAM,EAAE;AACNf,MAAAA,IAAI,EAAEC;AADA,KARV;AAWEe,IAAAA,IAAI,EAAE;AACJhB,MAAAA,IAAI,EAAEiB,IADF;AAEJ,iBAASA,IAAI,CAACC;AAFV;AAXR,GADQ,CAlBmB;AAoC7BC,EAAAA,SAAS,EAAE;AACTnB,IAAAA,IAAI,EAAEiB,IADG;AAET,eAASA,IAAI,CAACC;AAFL;AApCkB,CAAhB,CAAf;;AA0CAE,MAAM,CAACC,OAAP,GAAiBxB,qBAASyB,KAAT,CAAe,MAAf,EAAuB1B,MAAvB,CAAjB","sourceRoot":"C:\\Users\\innoc\\OneDrive\\Desktop\\Andela StackUp Projects\\Innocent-Ingabire-portfolio\\server\\models\\","sourcesContent":["import mongoose from \"mongoose\";\r\nimport \"mongoose-type-url\";\r\n\r\nconst schema = mongoose.Schema({\r\n  title: {\r\n    type: String,\r\n    minlength: 3,\r\n  },\r\n  content: {\r\n    type: String,\r\n    minlength: 3,\r\n  },\r\n  image: mongoose.SchemaTypes.Url,\r\n  likes: [\r\n    {\r\n      user: {\r\n        type: mongoose.Schema.Types.ObjectId,\r\n        ref: \"users\",\r\n      },\r\n    },\r\n  ],\r\n  comments: [\r\n    {\r\n      user: {},\r\n      text: {\r\n        type: String,\r\n      },\r\n      name: {\r\n        type: String,\r\n      },\r\n      avatar: {\r\n        type: String,\r\n      },\r\n      date: {\r\n        type: Date,\r\n        default: Date.now,\r\n      },\r\n    },\r\n  ],\r\n  createdAt: {\r\n    type: Date,\r\n    default: Date.now,\r\n  },\r\n});\r\n\r\nmodule.exports = mongoose.model(\"Blog\", schema);\r\n"]},"_coverageSchema":"1a1c01bbd47fc00a2c39e90264f33305004495a9","hash":"e25c68f3da41544b07fa7033a2f1e3c47d3b8bd2","contentHash":"10c5b4d17020498194eba380e16114ae9c029604cb84830ee9e952b32b3c50f9"},"C:\\Users\\innoc\\OneDrive\\Desktop\\Andela StackUp Projects\\Innocent-Ingabire-portfolio\\server\\models\\User.js":{"path":"C:\\Users\\innoc\\OneDrive\\Desktop\\Andela StackUp Projects\\Innocent-Ingabire-portfolio\\server\\models\\User.js","statementMap":{"0":{"start":{"line":3,"column":16},"end":{"line":3,"column":59}},"1":{"start":{"line":5,"column":39},"end":{"line":5,"column":95}},"2":{"start":{"line":11,"column":17},"end":{"line":16,"column":2}},"3":{"start":{"line":18,"column":0},"end":{"line":18,"column":64}}},"fnMap":{"0":{"name":"_interopRequireDefault","decl":{"start":{"line":5,"column":9},"end":{"line":5,"column":31}},"loc":{"start":{"line":5,"column":37},"end":{"line":5,"column":97}},"line":5}},"branchMap":{"0":{"loc":{"start":{"line":5,"column":46},"end":{"line":5,"column":94}},"type":"cond-expr","locations":[{"start":{"line":5,"column":70},"end":{"line":5,"column":73}},{"start":{"line":5,"column":76},"end":{"line":5,"column":94}}],"line":5},"1":{"loc":{"start":{"line":5,"column":46},"end":{"line":5,"column":67}},"type":"binary-expr","locations":[{"start":{"line":5,"column":46},"end":{"line":5,"column":49}},{"start":{"line":5,"column":53},"end":{"line":5,"column":67}}],"line":5}},"s":{"0":1,"1":1,"2":1,"3":1},"f":{"0":1},"b":{"0":[0,1],"1":[1,1]},"inputSourceMap":{"version":3,"sources":["User.js"],"names":["UserSchema","mongoose","Schema","fullName","String","email","password","module","exports","model"],"mappings":";;AAEA;;;;AAFA;AACA;AAEA;AACA;AAEA,IAAMA,UAAU,GAAGC,qBAASC,MAAT,CAAgB;AACjC;AACAC,EAAAA,QAAQ,EAAEC,MAFuB;AAGjCC,EAAAA,KAAK,EAAED,MAH0B;AAIjCE,EAAAA,QAAQ,EAAEF;AAJuB,CAAhB,CAAnB;;AAMAG,MAAM,CAACC,OAAP,GAAiBP,qBAASQ,KAAT,CAAe,MAAf,EAAuBT,UAAvB,CAAjB","sourceRoot":"C:\\Users\\innoc\\OneDrive\\Desktop\\Andela StackUp Projects\\Innocent-Ingabire-portfolio\\server\\models\\","sourcesContent":["//schema\r\n//create a model\r\nimport mongoose from \"mongoose\";\r\n// import Schema  from \"mongoose\".Schema;\r\n// import ObjectId from Schema.ObjectId;\r\n\r\nconst UserSchema = mongoose.Schema({\r\n  // id: ObjectId,\r\n  fullName: String,\r\n  email: String,\r\n  password: String,\r\n});\r\nmodule.exports = mongoose.model(\"User\", UserSchema);\r\n"]},"_coverageSchema":"1a1c01bbd47fc00a2c39e90264f33305004495a9","hash":"9de3f637900482fe3db18bc74fc4245bcdfb4023","contentHash":"9c6d26b40ed02c9c91b6df4e4af13eee15f8a866cfe69c6818259fed5d17c03a"},"C:\\Users\\innoc\\OneDrive\\Desktop\\Andela StackUp Projects\\Innocent-Ingabire-portfolio\\server\\controllers\\queries.js":{"path":"C:\\Users\\innoc\\OneDrive\\Desktop\\Andela StackUp Projects\\Innocent-Ingabire-portfolio\\server\\controllers\\queries.js","statementMap":{"0":{"start":{"line":3,"column":13},"end":{"line":3,"column":63}},"1":{"start":{"line":5,"column":39},"end":{"line":5,"column":95}},"2":{"start":{"line":7,"column":77},"end":{"line":7,"column":175}},"3":{"start":{"line":7,"column":94},"end":{"line":7,"column":107}},"4":{"start":{"line":7,"column":121},"end":{"line":7,"column":131}},"5":{"start":{"line":7,"column":151},"end":{"line":7,"column":165}},"6":{"start":{"line":7,"column":166},"end":{"line":7,"column":173}},"7":{"start":{"line":7,"column":176},"end":{"line":7,"column":263}},"8":{"start":{"line":7,"column":193},"end":{"line":7,"column":208}},"9":{"start":{"line":7,"column":218},"end":{"line":7,"column":261}},"10":{"start":{"line":9,"column":33},"end":{"line":9,"column":387}},"11":{"start":{"line":9,"column":65},"end":{"line":9,"column":69}},"12":{"start":{"line":9,"column":78},"end":{"line":9,"column":87}},"13":{"start":{"line":9,"column":89},"end":{"line":9,"column":384}},"14":{"start":{"line":9,"column":147},"end":{"line":9,"column":167}},"15":{"start":{"line":9,"column":193},"end":{"line":9,"column":264}},"16":{"start":{"line":9,"column":290},"end":{"line":9,"column":360}},"17":{"start":{"line":9,"column":363},"end":{"line":9,"column":380}},"18":{"start":{"line":11,"column":0},"end":{"line":38,"column":4}},"19":{"start":{"line":12,"column":13},"end":{"line":33,"column":5}},"20":{"start":{"line":14,"column":4},"end":{"line":32,"column":16}},"21":{"start":{"line":15,"column":6},"end":{"line":31,"column":7}},"22":{"start":{"line":16,"column":8},"end":{"line":30,"column":9}},"23":{"start":{"line":18,"column":12},"end":{"line":18,"column":30}},"24":{"start":{"line":19,"column":12},"end":{"line":19,"column":44}},"25":{"start":{"line":22,"column":12},"end":{"line":22,"column":36}},"26":{"start":{"line":23,"column":12},"end":{"line":25,"column":15}},"27":{"start":{"line":29,"column":12},"end":{"line":29,"column":35}},"28":{"start":{"line":35,"column":2},"end":{"line":37,"column":4}},"29":{"start":{"line":36,"column":4},"end":{"line":36,"column":39}},"30":{"start":{"line":40,"column":0},"end":{"line":67,"column":4}},"31":{"start":{"line":41,"column":14},"end":{"line":62,"column":5}},"32":{"start":{"line":43,"column":4},"end":{"line":61,"column":17}},"33":{"start":{"line":44,"column":6},"end":{"line":60,"column":7}},"34":{"start":{"line":45,"column":8},"end":{"line":59,"column":9}},"35":{"start":{"line":47,"column":12},"end":{"line":47,"column":52}},"36":{"start":{"line":48,"column":12},"end":{"line":48,"column":31}},"37":{"start":{"line":49,"column":12},"end":{"line":49,"column":32}},"38":{"start":{"line":52,"column":12},"end":{"line":54,"column":15}},"39":{"start":{"line":58,"column":12},"end":{"line":58,"column":36}},"40":{"start":{"line":64,"column":2},"end":{"line":66,"column":4}},"41":{"start":{"line":65,"column":4},"end":{"line":65,"column":40}},"42":{"start":{"line":69,"column":0},"end":{"line":106,"column":4}},"43":{"start":{"line":70,"column":14},"end":{"line":101,"column":5}},"44":{"start":{"line":72,"column":4},"end":{"line":100,"column":33}},"45":{"start":{"line":73,"column":6},"end":{"line":99,"column":7}},"46":{"start":{"line":74,"column":8},"end":{"line":98,"column":9}},"47":{"start":{"line":76,"column":12},"end":{"line":76,"column":31}},"48":{"start":{"line":77,"column":12},"end":{"line":77,"column":31}},"49":{"start":{"line":78,"column":12},"end":{"line":78,"column":61}},"50":{"start":{"line":81,"column":12},"end":{"line":81,"column":35}},"51":{"start":{"line":82,"column":12},"end":{"line":84,"column":15}},"52":{"start":{"line":85,"column":12},"end":{"line":85,"column":32}},"53":{"start":{"line":86,"column":12},"end":{"line":86,"column":18}},"54":{"start":{"line":89,"column":12},"end":{"line":89,"column":31}},"55":{"start":{"line":90,"column":12},"end":{"line":90,"column":49}},"56":{"start":{"line":91,"column":12},"end":{"line":93,"column":15}},"57":{"start":{"line":97,"column":12},"end":{"line":97,"column":36}},"58":{"start":{"line":103,"column":2},"end":{"line":105,"column":4}},"59":{"start":{"line":104,"column":4},"end":{"line":104,"column":40}}},"fnMap":{"0":{"name":"_interopRequireDefault","decl":{"start":{"line":5,"column":9},"end":{"line":5,"column":31}},"loc":{"start":{"line":5,"column":37},"end":{"line":5,"column":97}},"line":5},"1":{"name":"asyncGeneratorStep","decl":{"start":{"line":7,"column":9},"end":{"line":7,"column":27}},"loc":{"start":{"line":7,"column":75},"end":{"line":7,"column":265}},"line":7},"2":{"name":"_asyncToGenerator","decl":{"start":{"line":9,"column":9},"end":{"line":9,"column":26}},"loc":{"start":{"line":9,"column":31},"end":{"line":9,"column":389}},"line":9},"3":{"name":"(anonymous_3)","decl":{"start":{"line":9,"column":40},"end":{"line":9,"column":41}},"loc":{"start":{"line":9,"column":52},"end":{"line":9,"column":386}},"line":9},"4":{"name":"(anonymous_4)","decl":{"start":{"line":9,"column":108},"end":{"line":9,"column":109}},"loc":{"start":{"line":9,"column":135},"end":{"line":9,"column":382}},"line":9},"5":{"name":"_next","decl":{"start":{"line":9,"column":178},"end":{"line":9,"column":183}},"loc":{"start":{"line":9,"column":191},"end":{"line":9,"column":266}},"line":9},"6":{"name":"_throw","decl":{"start":{"line":9,"column":276},"end":{"line":9,"column":282}},"loc":{"start":{"line":9,"column":288},"end":{"line":9,"column":362}},"line":9},"7":{"name":"(anonymous_7)","decl":{"start":{"line":11,"column":35},"end":{"line":11,"column":36}},"loc":{"start":{"line":11,"column":47},"end":{"line":38,"column":1}},"line":11},"8":{"name":"_callee","decl":{"start":{"line":12,"column":78},"end":{"line":12,"column":85}},"loc":{"start":{"line":12,"column":96},"end":{"line":33,"column":3}},"line":12},"9":{"name":"_callee$","decl":{"start":{"line":14,"column":44},"end":{"line":14,"column":52}},"loc":{"start":{"line":14,"column":63},"end":{"line":32,"column":5}},"line":14},"10":{"name":"(anonymous_10)","decl":{"start":{"line":35,"column":9},"end":{"line":35,"column":10}},"loc":{"start":{"line":35,"column":28},"end":{"line":37,"column":3}},"line":35},"11":{"name":"(anonymous_11)","decl":{"start":{"line":40,"column":35},"end":{"line":40,"column":36}},"loc":{"start":{"line":40,"column":47},"end":{"line":67,"column":1}},"line":40},"12":{"name":"_callee2","decl":{"start":{"line":41,"column":79},"end":{"line":41,"column":87}},"loc":{"start":{"line":41,"column":98},"end":{"line":62,"column":3}},"line":41},"13":{"name":"_callee2$","decl":{"start":{"line":43,"column":44},"end":{"line":43,"column":53}},"loc":{"start":{"line":43,"column":65},"end":{"line":61,"column":5}},"line":43},"14":{"name":"(anonymous_14)","decl":{"start":{"line":64,"column":9},"end":{"line":64,"column":10}},"loc":{"start":{"line":64,"column":29},"end":{"line":66,"column":3}},"line":64},"15":{"name":"(anonymous_15)","decl":{"start":{"line":69,"column":33},"end":{"line":69,"column":34}},"loc":{"start":{"line":69,"column":45},"end":{"line":106,"column":1}},"line":69},"16":{"name":"_callee3","decl":{"start":{"line":70,"column":79},"end":{"line":70,"column":87}},"loc":{"start":{"line":70,"column":98},"end":{"line":101,"column":3}},"line":70},"17":{"name":"_callee3$","decl":{"start":{"line":72,"column":44},"end":{"line":72,"column":53}},"loc":{"start":{"line":72,"column":65},"end":{"line":100,"column":5}},"line":72},"18":{"name":"(anonymous_18)","decl":{"start":{"line":103,"column":9},"end":{"line":103,"column":10}},"loc":{"start":{"line":103,"column":29},"end":{"line":105,"column":3}},"line":103}},"branchMap":{"0":{"loc":{"start":{"line":5,"column":46},"end":{"line":5,"column":94}},"type":"cond-expr","locations":[{"start":{"line":5,"column":70},"end":{"line":5,"column":73}},{"start":{"line":5,"column":76},"end":{"line":5,"column":94}}],"line":5},"1":{"loc":{"start":{"line":5,"column":46},"end":{"line":5,"column":67}},"type":"binary-expr","locations":[{"start":{"line":5,"column":46},"end":{"line":5,"column":49}},{"start":{"line":5,"column":53},"end":{"line":5,"column":67}}],"line":5},"2":{"loc":{"start":{"line":7,"column":176},"end":{"line":7,"column":263}},"type":"if","locations":[{"start":{"line":7,"column":176},"end":{"line":7,"column":263}},{"start":{"line":7,"column":176},"end":{"line":7,"column":263}}],"line":7},"3":{"loc":{"start":{"line":16,"column":8},"end":{"line":30,"column":9}},"type":"switch","locations":[{"start":{"line":17,"column":10},"end":{"line":19,"column":44}},{"start":{"line":21,"column":10},"end":{"line":25,"column":15}},{"start":{"line":27,"column":10},"end":{"line":27,"column":17}},{"start":{"line":28,"column":10},"end":{"line":29,"column":35}}],"line":16},"4":{"loc":{"start":{"line":45,"column":8},"end":{"line":59,"column":9}},"type":"switch","locations":[{"start":{"line":46,"column":10},"end":{"line":49,"column":32}},{"start":{"line":51,"column":10},"end":{"line":54,"column":15}},{"start":{"line":56,"column":10},"end":{"line":56,"column":17}},{"start":{"line":57,"column":10},"end":{"line":58,"column":36}}],"line":45},"5":{"loc":{"start":{"line":74,"column":8},"end":{"line":98,"column":9}},"type":"switch","locations":[{"start":{"line":75,"column":10},"end":{"line":78,"column":61}},{"start":{"line":80,"column":10},"end":{"line":86,"column":18}},{"start":{"line":88,"column":10},"end":{"line":93,"column":15}},{"start":{"line":95,"column":10},"end":{"line":95,"column":18}},{"start":{"line":96,"column":10},"end":{"line":97,"column":36}}],"line":74}},"s":{"0":1,"1":1,"2":2,"3":2,"4":2,"5":0,"6":0,"7":2,"8":1,"9":1,"10":3,"11":1,"12":1,"13":1,"14":1,"15":2,"16":0,"17":1,"18":1,"19":1,"20":0,"21":0,"22":0,"23":0,"24":0,"25":0,"26":0,"27":0,"28":1,"29":0,"30":1,"31":1,"32":1,"33":2,"34":2,"35":1,"36":1,"37":1,"38":1,"39":1,"40":1,"41":1,"42":1,"43":1,"44":0,"45":0,"46":0,"47":0,"48":0,"49":0,"50":0,"51":0,"52":0,"53":0,"54":0,"55":0,"56":0,"57":0,"58":1,"59":0},"f":{"0":1,"1":2,"2":3,"3":1,"4":1,"5":2,"6":0,"7":1,"8":0,"9":0,"10":0,"11":1,"12":1,"13":2,"14":1,"15":1,"16":0,"17":0,"18":0},"b":{"0":[0,1],"1":[1,1],"2":[1,1],"3":[0,0,0,0],"4":[1,1,1,1],"5":[0,0,0,0,0]},"inputSourceMap":{"version":3,"sources":["queries.js"],"names":["exports","findQueries","req","res","Query","find","queries","send","data","createQuery","query","body","save","findQuery","findById","params","id","status","error"],"mappings":";;AAAA;;;;;;;;AAEAA,OAAO,CAACC,WAAR;AAAA,qEAAsB,iBAAOC,GAAP,EAAYC,GAAZ;AAAA;AAAA;AAAA;AAAA;AAAA;AAAA;AAAA,mBACEC,kBAAMC,IAAN,EADF;;AAAA;AACdC,YAAAA,OADc;AAEpBH,YAAAA,GAAG,CAACI,IAAJ,CAAS;AAAEC,cAAAA,IAAI,EAAEF;AAAR,aAAT;;AAFoB;AAAA;AAAA;AAAA;AAAA;AAAA;AAAA,GAAtB;;AAAA;AAAA;AAAA;AAAA;;AAKAN,OAAO,CAACS,WAAR;AAAA,sEAAsB,kBAAOP,GAAP,EAAYC,GAAZ;AAAA;AAAA;AAAA;AAAA;AAAA;AACdO,YAAAA,KADc,GACN,IAAIN,iBAAJ,CAAUF,GAAG,CAACS,IAAd,CADM;AAAA;AAAA,mBAEdD,KAAK,CAACE,IAAN,EAFc;;AAAA;AAGpBT,YAAAA,GAAG,CAACI,IAAJ,CAAS;AAAEC,cAAAA,IAAI,EAAEE;AAAR,aAAT;;AAHoB;AAAA;AAAA;AAAA;AAAA;AAAA;AAAA,GAAtB;;AAAA;AAAA;AAAA;AAAA;;AAMAV,OAAO,CAACa,SAAR;AAAA,sEAAoB,kBAAOX,GAAP,EAAYC,GAAZ;AAAA;AAAA;AAAA;AAAA;AAAA;AAAA;AAAA;AAAA,mBAEIC,kBAAMU,QAAN,CAAeZ,GAAG,CAACa,MAAJ,CAAWC,EAA1B,CAFJ;;AAAA;AAEVN,YAAAA,KAFU;AAGhBP,YAAAA,GAAG,CAACI,IAAJ,CAAS;AAAEC,cAAAA,IAAI,EAAEE;AAAR,aAAT;AAHgB;AAAA;;AAAA;AAAA;AAAA;AAKhBP,YAAAA,GAAG,CAACc,MAAJ,CAAW,GAAX,EAAgBV,IAAhB,CAAqB;AAAEW,cAAAA,KAAK,EAAE;AAAT,aAArB;;AALgB;AAAA;AAAA;AAAA;AAAA;AAAA;AAAA,GAApB;;AAAA;AAAA;AAAA;AAAA","sourceRoot":"C:\\Users\\innoc\\OneDrive\\Desktop\\Andela StackUp Projects\\Innocent-Ingabire-portfolio\\server\\controllers\\","sourcesContent":["import Query from \"../models/Query\";\r\n\r\nexports.findQueries = async (req, res) => {\r\n  const queries = await Query.find();\r\n  res.send({ data: queries });\r\n};\r\n\r\nexports.createQuery = async (req, res) => {\r\n  const query = new Query(req.body);\r\n  await query.save();\r\n  res.send({ data: query });\r\n};\r\n\r\nexports.findQuery = async (req, res) => {\r\n  try {\r\n    const query = await Query.findById(req.params.id);\r\n    res.send({ data: query });\r\n  } catch (error) {\r\n    res.status(404).send({ error: \"Query is not found!\" });\r\n  }\r\n};\r\n"]},"_coverageSchema":"1a1c01bbd47fc00a2c39e90264f33305004495a9","hash":"7c9b63d75d88fad8125c80c7529345a1ca061152","contentHash":"ca7794ce50c225e130ecedd24b9d4a11a95f01a334a5b04cd4451eae68e846dd"},"C:\\Users\\innoc\\OneDrive\\Desktop\\Andela StackUp Projects\\Innocent-Ingabire-portfolio\\server\\models\\Query.js":{"path":"C:\\Users\\innoc\\OneDrive\\Desktop\\Andela StackUp Projects\\Innocent-Ingabire-portfolio\\server\\models\\Query.js","statementMap":{"0":{"start":{"line":3,"column":16},"end":{"line":3,"column":59}},"1":{"start":{"line":5,"column":39},"end":{"line":5,"column":95}},"2":{"start":{"line":7,"column":13},"end":{"line":29,"column":2}},"3":{"start":{"line":31,"column":0},"end":{"line":31,"column":61}}},"fnMap":{"0":{"name":"_interopRequireDefault","decl":{"start":{"line":5,"column":9},"end":{"line":5,"column":31}},"loc":{"start":{"line":5,"column":37},"end":{"line":5,"column":97}},"line":5}},"branchMap":{"0":{"loc":{"start":{"line":5,"column":46},"end":{"line":5,"column":94}},"type":"cond-expr","locations":[{"start":{"line":5,"column":70},"end":{"line":5,"column":73}},{"start":{"line":5,"column":76},"end":{"line":5,"column":94}}],"line":5},"1":{"loc":{"start":{"line":5,"column":46},"end":{"line":5,"column":67}},"type":"binary-expr","locations":[{"start":{"line":5,"column":46},"end":{"line":5,"column":49}},{"start":{"line":5,"column":53},"end":{"line":5,"column":67}}],"line":5}},"s":{"0":1,"1":1,"2":1,"3":1},"f":{"0":1},"b":{"0":[0,1],"1":[1,1]},"inputSourceMap":{"version":3,"sources":["Query.js"],"names":["schema","mongoose","Schema","name","type","String","required","minlength","maxlength","email","message","created","Date","now","module","exports","model"],"mappings":";;AAAA;;;;AAEA,IAAMA,MAAM,GAAGC,qBAASC,MAAT,CAAgB;AAC7BC,EAAAA,IAAI,EAAE;AACJC,IAAAA,IAAI,EAAEC,MADF;AAEJC,IAAAA,QAAQ,EAAE,IAFN;AAGJC,IAAAA,SAAS,EAAE,CAHP;AAIJC,IAAAA,SAAS,EAAE;AAJP,GADuB;AAQ7BC,EAAAA,KAAK,EAAE;AACLL,IAAAA,IAAI,EAAEC,MADD;AAELC,IAAAA,QAAQ,EAAE,IAFL;AAGLC,IAAAA,SAAS,EAAE,CAHN;AAILC,IAAAA,SAAS,EAAE;AAJN,GARsB;AAc7BE,EAAAA,OAAO,EAAE;AACPN,IAAAA,IAAI,EAAEC,MADC;AAEPE,IAAAA,SAAS,EAAE,CAFJ;AAGPC,IAAAA,SAAS,EAAE;AAHJ,GAdoB;AAmB7BG,EAAAA,OAAO,EAAE;AACPP,IAAAA,IAAI,EAAEQ,IADC;AAEP,eAASA,IAAI,CAACC;AAFP;AAnBoB,CAAhB,CAAf;;AAyBAC,MAAM,CAACC,OAAP,GAAiBd,qBAASe,KAAT,CAAe,OAAf,EAAwBhB,MAAxB,CAAjB","sourceRoot":"C:\\Users\\innoc\\OneDrive\\Desktop\\Andela StackUp Projects\\Innocent-Ingabire-portfolio\\server\\models\\","sourcesContent":["import mongoose from \"mongoose\";\r\n\r\nconst schema = mongoose.Schema({\r\n  name: {\r\n    type: String,\r\n    required: true,\r\n    minlength: 3,\r\n    maxlength: 20,\r\n  },\r\n\r\n  email: {\r\n    type: String,\r\n    required: true,\r\n    minlength: 3,\r\n    maxlength: 30,\r\n  },\r\n  message: {\r\n    type: String,\r\n    minlength: 3,\r\n    maxlength: 1000,\r\n  },\r\n  created: {\r\n    type: Date,\r\n    default: Date.now,\r\n  },\r\n});\r\n\r\nmodule.exports = mongoose.model(\"Query\", schema);\r\n"]},"_coverageSchema":"1a1c01bbd47fc00a2c39e90264f33305004495a9","hash":"75326e71546653974d2aa5f56dfa7a19d6542bda","contentHash":"cd557a356159956bdad9e1c4dc3c08d000865ae3611d517b5b383ec20c7f3679"},"C:\\Users\\innoc\\OneDrive\\Desktop\\Andela StackUp Projects\\Innocent-Ingabire-portfolio\\server\\controllers\\user.js":{"path":"C:\\Users\\innoc\\OneDrive\\Desktop\\Andela StackUp Projects\\Innocent-Ingabire-portfolio\\server\\controllers\\user.js","statementMap":{"0":{"start":{"line":3,"column":12},"end":{"line":3,"column":61}},"1":{"start":{"line":5,"column":20},"end":{"line":5,"column":67}},"2":{"start":{"line":7,"column":39},"end":{"line":7,"column":95}},"3":{"start":{"line":9,"column":77},"end":{"line":9,"column":175}},"4":{"start":{"line":9,"column":94},"end":{"line":9,"column":107}},"5":{"start":{"line":9,"column":121},"end":{"line":9,"column":131}},"6":{"start":{"line":9,"column":151},"end":{"line":9,"column":165}},"7":{"start":{"line":9,"column":166},"end":{"line":9,"column":173}},"8":{"start":{"line":9,"column":176},"end":{"line":9,"column":263}},"9":{"start":{"line":9,"column":193},"end":{"line":9,"column":208}},"10":{"start":{"line":9,"column":218},"end":{"line":9,"column":261}},"11":{"start":{"line":11,"column":33},"end":{"line":11,"column":387}},"12":{"start":{"line":11,"column":65},"end":{"line":11,"column":69}},"13":{"start":{"line":11,"column":78},"end":{"line":11,"column":87}},"14":{"start":{"line":11,"column":89},"end":{"line":11,"column":384}},"15":{"start":{"line":11,"column":147},"end":{"line":11,"column":167}},"16":{"start":{"line":11,"column":193},"end":{"line":11,"column":264}},"17":{"start":{"line":11,"column":290},"end":{"line":11,"column":360}},"18":{"start":{"line":11,"column":363},"end":{"line":11,"column":380}},"19":{"start":{"line":13,"column":0},"end":{"line":101,"column":4}},"20":{"start":{"line":14,"column":13},"end":{"line":96,"column":5}},"21":{"start":{"line":17,"column":4},"end":{"line":95,"column":33}},"22":{"start":{"line":18,"column":6},"end":{"line":94,"column":7}},"23":{"start":{"line":19,"column":8},"end":{"line":93,"column":9}},"24":{"start":{"line":21,"column":12},"end":{"line":21,"column":30}},"25":{"start":{"line":22,"column":12},"end":{"line":22,"column":89}},"26":{"start":{"line":23,"column":12},"end":{"line":23,"column":30}},"27":{"start":{"line":24,"column":12},"end":{"line":27,"column":15}},"28":{"start":{"line":30,"column":12},"end":{"line":30,"column":34}},"29":{"start":{"line":32,"column":12},"end":{"line":35,"column":13}},"30":{"start":{"line":33,"column":14},"end":{"line":33,"column":32}},"31":{"start":{"line":34,"column":14},"end":{"line":34,"column":20}},"32":{"start":{"line":37,"column":12},"end":{"line":39,"column":16}},"33":{"start":{"line":42,"column":12},"end":{"line":45,"column":14}},"34":{"start":{"line":43,"column":14},"end":{"line":43,"column":45}},"35":{"start":{"line":44,"column":14},"end":{"line":44,"column":48}},"36":{"start":{"line":47,"column":12},"end":{"line":50,"column":13}},"37":{"start":{"line":48,"column":14},"end":{"line":48,"column":33}},"38":{"start":{"line":49,"column":14},"end":{"line":49,"column":20}},"39":{"start":{"line":52,"column":12},"end":{"line":54,"column":16}},"40":{"start":{"line":57,"column":12},"end":{"line":61,"column":14}},"41":{"start":{"line":63,"column":12},"end":{"line":69,"column":15}},"42":{"start":{"line":64,"column":14},"end":{"line":64,"column":33}},"43":{"start":{"line":64,"column":23},"end":{"line":64,"column":33}},"44":{"start":{"line":65,"column":14},"end":{"line":68,"column":17}},"45":{"start":{"line":71,"column":12},"end":{"line":74,"column":13}},"46":{"start":{"line":72,"column":14},"end":{"line":72,"column":33}},"47":{"start":{"line":73,"column":14},"end":{"line":73,"column":20}},"48":{"start":{"line":76,"column":12},"end":{"line":78,"column":16}},"49":{"start":{"line":81,"column":12},"end":{"line":81,"column":31}},"50":{"start":{"line":82,"column":12},"end":{"line":82,"column":18}},"51":{"start":{"line":85,"column":12},"end":{"line":85,"column":31}},"52":{"start":{"line":86,"column":12},"end":{"line":86,"column":47}},"53":{"start":{"line":87,"column":12},"end":{"line":87,"column":47}},"54":{"start":{"line":88,"column":12},"end":{"line":88,"column":49}},"55":{"start":{"line":92,"column":12},"end":{"line":92,"column":35}},"56":{"start":{"line":98,"column":2},"end":{"line":100,"column":4}},"57":{"start":{"line":99,"column":4},"end":{"line":99,"column":39}}},"fnMap":{"0":{"name":"_interopRequireDefault","decl":{"start":{"line":7,"column":9},"end":{"line":7,"column":31}},"loc":{"start":{"line":7,"column":37},"end":{"line":7,"column":97}},"line":7},"1":{"name":"asyncGeneratorStep","decl":{"start":{"line":9,"column":9},"end":{"line":9,"column":27}},"loc":{"start":{"line":9,"column":75},"end":{"line":9,"column":265}},"line":9},"2":{"name":"_asyncToGenerator","decl":{"start":{"line":11,"column":9},"end":{"line":11,"column":26}},"loc":{"start":{"line":11,"column":31},"end":{"line":11,"column":389}},"line":11},"3":{"name":"(anonymous_3)","decl":{"start":{"line":11,"column":40},"end":{"line":11,"column":41}},"loc":{"start":{"line":11,"column":52},"end":{"line":11,"column":386}},"line":11},"4":{"name":"(anonymous_4)","decl":{"start":{"line":11,"column":108},"end":{"line":11,"column":109}},"loc":{"start":{"line":11,"column":135},"end":{"line":11,"column":382}},"line":11},"5":{"name":"_next","decl":{"start":{"line":11,"column":178},"end":{"line":11,"column":183}},"loc":{"start":{"line":11,"column":191},"end":{"line":11,"column":266}},"line":11},"6":{"name":"_throw","decl":{"start":{"line":11,"column":276},"end":{"line":11,"column":282}},"loc":{"start":{"line":11,"column":288},"end":{"line":11,"column":362}},"line":11},"7":{"name":"(anonymous_7)","decl":{"start":{"line":13,"column":29},"end":{"line":13,"column":30}},"loc":{"start":{"line":13,"column":41},"end":{"line":101,"column":1}},"line":13},"8":{"name":"_callee","decl":{"start":{"line":14,"column":78},"end":{"line":14,"column":85}},"loc":{"start":{"line":14,"column":96},"end":{"line":96,"column":3}},"line":14},"9":{"name":"_callee$","decl":{"start":{"line":17,"column":44},"end":{"line":17,"column":52}},"loc":{"start":{"line":17,"column":63},"end":{"line":95,"column":5}},"line":17},"10":{"name":"isMatch","decl":{"start":{"line":42,"column":31},"end":{"line":42,"column":38}},"loc":{"start":{"line":42,"column":64},"end":{"line":45,"column":13}},"line":42},"11":{"name":"(anonymous_11)","decl":{"start":{"line":63,"column":62},"end":{"line":63,"column":63}},"loc":{"start":{"line":63,"column":84},"end":{"line":69,"column":13}},"line":63},"12":{"name":"(anonymous_12)","decl":{"start":{"line":98,"column":9},"end":{"line":98,"column":10}},"loc":{"start":{"line":98,"column":28},"end":{"line":100,"column":3}},"line":98}},"branchMap":{"0":{"loc":{"start":{"line":7,"column":46},"end":{"line":7,"column":94}},"type":"cond-expr","locations":[{"start":{"line":7,"column":70},"end":{"line":7,"column":73}},{"start":{"line":7,"column":76},"end":{"line":7,"column":94}}],"line":7},"1":{"loc":{"start":{"line":7,"column":46},"end":{"line":7,"column":67}},"type":"binary-expr","locations":[{"start":{"line":7,"column":46},"end":{"line":7,"column":49}},{"start":{"line":7,"column":53},"end":{"line":7,"column":67}}],"line":7},"2":{"loc":{"start":{"line":9,"column":176},"end":{"line":9,"column":263}},"type":"if","locations":[{"start":{"line":9,"column":176},"end":{"line":9,"column":263}},{"start":{"line":9,"column":176},"end":{"line":9,"column":263}}],"line":9},"3":{"loc":{"start":{"line":19,"column":8},"end":{"line":93,"column":9}},"type":"switch","locations":[{"start":{"line":20,"column":10},"end":{"line":27,"column":15}},{"start":{"line":29,"column":10},"end":{"line":39,"column":16}},{"start":{"line":41,"column":10},"end":{"line":54,"column":16}},{"start":{"line":56,"column":10},"end":{"line":78,"column":16}},{"start":{"line":80,"column":10},"end":{"line":82,"column":18}},{"start":{"line":84,"column":10},"end":{"line":88,"column":49}},{"start":{"line":90,"column":10},"end":{"line":90,"column":18}},{"start":{"line":91,"column":10},"end":{"line":92,"column":35}}],"line":19},"4":{"loc":{"start":{"line":32,"column":12},"end":{"line":35,"column":13}},"type":"if","locations":[{"start":{"line":32,"column":12},"end":{"line":35,"column":13}},{"start":{"line":32,"column":12},"end":{"line":35,"column":13}}],"line":32},"5":{"loc":{"start":{"line":47,"column":12},"end":{"line":50,"column":13}},"type":"if","locations":[{"start":{"line":47,"column":12},"end":{"line":50,"column":13}},{"start":{"line":47,"column":12},"end":{"line":50,"column":13}}],"line":47},"6":{"loc":{"start":{"line":64,"column":14},"end":{"line":64,"column":33}},"type":"if","locations":[{"start":{"line":64,"column":14},"end":{"line":64,"column":33}},{"start":{"line":64,"column":14},"end":{"line":64,"column":33}}],"line":64},"7":{"loc":{"start":{"line":71,"column":12},"end":{"line":74,"column":13}},"type":"if","locations":[{"start":{"line":71,"column":12},"end":{"line":74,"column":13}},{"start":{"line":71,"column":12},"end":{"line":74,"column":13}}],"line":71}},"s":{"0":1,"1":1,"2":2,"3":8,"4":8,"5":8,"6":0,"7":0,"8":8,"9":4,"10":4,"11":1,"12":4,"13":4,"14":4,"15":4,"16":8,"17":0,"18":4,"19":1,"20":1,"21":4,"22":8,"23":24,"24":4,"25":4,"26":4,"27":4,"28":4,"29":4,"30":4,"31":4,"32":0,"33":4,"34":0,"35":0,"36":4,"37":4,"38":4,"39":0,"40":4,"41":4,"42":4,"43":0,"44":4,"45":4,"46":4,"47":4,"48":0,"49":4,"50":4,"51":0,"52":0,"53":0,"54":0,"55":4,"56":1,"57":4},"f":{"0":2,"1":8,"2":1,"3":4,"4":4,"5":8,"6":0,"7":1,"8":4,"9":8,"10":0,"11":4,"12":4},"b":{"0":[0,2],"1":[2,2],"2":[4,4],"3":[4,4,4,4,4,0,4,4],"4":[4,0],"5":[4,0],"6":[0,4],"7":[4,0]},"inputSourceMap":{"version":3,"sources":["user.js"],"names":["exports","login","req","res","body","email","password","User","findOne","admin","send","msg","isMatch","adminpassword","status","payload","id","jwt","sign","err","token","console","error","message"],"mappings":";;AAAA;;AACA;;;;;;;;AAEAA,OAAO,CAACC,KAAR;AAAA,qEAAgB,iBAAOC,GAAP,EAAYC,GAAZ;AAAA;;AAAA;AAAA;AAAA;AAAA;AAAA;AAAA,wBAEgBD,GAAG,CAACE,IAFpB,EAEJC,KAFI,aAEJA,KAFI,EAEGC,QAFH,aAEGA,QAFH;AAAA;AAAA,mBAGQC,iBAAKC,OAAL,CAAa;AAC/BH,cAAAA,KAAK,EAALA,KAD+B;AAE/BC,cAAAA,QAAQ,EAARA;AAF+B,aAAb,CAHR;;AAAA;AAGNG,YAAAA,KAHM;;AAAA,gBAOPA,KAPO;AAAA;AAAA;AAAA;;AAAA,6CAQHN,GAAG,CAACO,IAAJ,CAAS;AAAEC,cAAAA,GAAG,EAAE;AAAP,aAAT,CARG;;AAAA;AAWNC,YAAAA,OAXM,GAWI,SAAVA,OAAU,CAACN,QAAD,EAAWO,aAAX,EAA6B;AAC3CA,cAAAA,aAAa,GAAGJ,KAAK,CAACH,QAAtB;AACA,qBAAOA,QAAQ,KAAKO,aAApB;AACD,aAdW;;AAAA,gBAgBPD,OAhBO;AAAA;AAAA;AAAA;;AAAA,6CAiBHT,GAAG,CAACW,MAAJ,CAAW,GAAX,EAAgBJ,IAAhB,CAAqB;AAAEC,cAAAA,GAAG,EAAE;AAAP,aAArB,CAjBG;;AAAA;AAoBNI,YAAAA,OApBM,GAoBI;AACdN,cAAAA,KAAK,EAAE;AACLO,gBAAAA,EAAE,EAAEP,KAAK,CAACO;AADL;AADO,aApBJ;;AAyBZC,qCAAIC,IAAJ,CAASH,OAAT,EAAkB,SAAlB,EAA6B,UAACI,GAAD,EAAMC,KAAN,EAAgB;AAC3C,kBAAID,GAAJ,EAAS,MAAMA,GAAN;AACThB,cAAAA,GAAG,CAACW,MAAJ,CAAW,GAAX,EAAgBJ,IAAhB,CAAqB;AACnBI,gBAAAA,MAAM,EAAE,SADW;AAEnBM,gBAAAA,KAAK,EAAEA;AAFY,eAArB;AAID,aAND;;AAzBY,kBAiCRX,KAAK,IAAI,IAjCD;AAAA;AAAA;AAAA;;AAAA,6CAkCHN,GAAG,CAACW,MAAJ,CAAW,GAAX,EAAgBJ,IAAhB,CAAqB;AAAEI,cAAAA,MAAM,EAAE;AAAV,aAArB,CAlCG;;AAAA;AAAA;AAAA;;AAAA;AAAA;AAAA;AAoCZO,YAAAA,OAAO,CAACC,KAAR,CAAc,YAAMC,OAApB;AACApB,YAAAA,GAAG,CAACW,MAAJ,CAAW,GAAX,EAAgBJ,IAAhB,CAAqB,cAArB;;AArCY;AAAA;AAAA;AAAA;AAAA;AAAA;AAAA,GAAhB;;AAAA;AAAA;AAAA;AAAA","sourceRoot":"C:\\Users\\innoc\\OneDrive\\Desktop\\Andela StackUp Projects\\Innocent-Ingabire-portfolio\\server\\controllers\\","sourcesContent":["import User from \"../models/User\";\r\nimport jwt from \"jsonwebtoken\";\r\n\r\nexports.login = async (req, res) => {\r\n  try {\r\n    const { email, password } = req.body;\r\n    const admin = await User.findOne({\r\n      email,\r\n      password,\r\n    });\r\n    if (!admin) {\r\n      return res.send({ msg: \"Invalid credentials\" });\r\n    }\r\n\r\n    const isMatch = (password, adminpassword) => {\r\n      adminpassword = admin.password;\r\n      return password === adminpassword;\r\n    };\r\n\r\n    if (!isMatch) {\r\n      return res.status(400).send({ msg: \"Invalid Credentials\" });\r\n    }\r\n\r\n    const payload = {\r\n      admin: {\r\n        id: admin.id,\r\n      },\r\n    };\r\n    jwt.sign(payload, \"nosenti\", (err, token) => {\r\n      if (err) throw err;\r\n      res.status(200).send({\r\n        status: \"success\",\r\n        token: token,\r\n      });\r\n    });\r\n\r\n    if (admin == null)\r\n      return res.status(500).send({ status: \"wrong credentials\" });\r\n  } catch (error) {\r\n    console.error(error.message);\r\n    res.status(500).send(\"Server Error\");\r\n  }\r\n};\r\n"]},"_coverageSchema":"1a1c01bbd47fc00a2c39e90264f33305004495a9","hash":"4ff07c09e97cee8c825e7c195836cb68d218facb","contentHash":"76a0b5e7686d735e424dec4c687469857f85dbbc701d028a0f876b2fe0efde6f"},"C:\\Users\\innoc\\OneDrive\\Desktop\\Andela StackUp Projects\\Innocent-Ingabire-portfolio\\server\\controllers\\profile.js":{"path":"C:\\Users\\innoc\\OneDrive\\Desktop\\Andela StackUp Projects\\Innocent-Ingabire-portfolio\\server\\controllers\\profile.js","statementMap":{"0":{"start":{"line":3,"column":15},"end":{"line":3,"column":69}},"1":{"start":{"line":5,"column":39},"end":{"line":5,"column":95}},"2":{"start":{"line":7,"colu
[...]
ype","String","required","description","avatars","module","exports","model"],"mappings":";;AAAA;;;;AAEA,IAAMA,aAAa,GAAG,IAAIC,qBAASC,MAAb,CAAoB;AACxCC,EAAAA,QAAQ,EAAE,CACR;AACEC,IAAAA,KAAK,EAAE;AACLC,MAAAA,IAAI,EAAEC,MADD;AAELC,MAAAA,QAAQ,EAAE;AAFL,KADT;AAKEC,IAAAA,WAAW,EAAE;AACXH,MAAAA,IAAI,EAAEC,MADK;AAEXC,MAAAA,QAAQ,EAAE;AAFC,KALf;AASEE,IAAAA,OAAO,EAAE;AATX,GADQ;AAD8B,CAApB,CAAtB;AAgBAC,MAAM,CAACC,OAAP,GAAiBV,qBAASW,KAAT,CAAe,SAAf,EAA0BZ,aAA1B,CAAjB","sourceRoot":"C:\\Users\\innoc\\OneDrive\\Desktop\\Andela StackUp Projects\\Innocent-Ingabire-portfolio\\server\\models\\","sourcesContent":["import mongoose from \"mongoose\";\r\n\r\nconst ProfileSchema = new mongoose.Schema({\r\n  projects: [\r\n    {\r\n      title: {\r\n        type: String,\r\n        required: true,\r\n      },\r\n      description: {\r\n        type: String,\r\n        required: true,\r\n      },\r\n      avatars: [],\r\n    },\r\n  ],\r\n});\r\n\r\nmodule.exports = mongoose.model(\"Profile\", ProfileSchema);\r\n"]},"_coverageSchema":"1a1c01bbd47fc00a2c39e90264f33305004495a9","hash":"431c53a0140df577072ba78a493b0799152a26e4","contentHash":"0150b4e4da251847f07eb6c58dfc344314a0cc7c55ee168bbac54d5dd2eafd73"},"C:\\Users\\innoc\\OneDrive\\Desktop\\Andela StackUp Projects\\Innocent-Ingabire-portfolio\\server\\validation\\validate.js":{"path":"C:\\Users\\innoc\\OneDrive\\Desktop\\Andela StackUp Projects\\Innocent-Ingabire-portfolio\\server\\validation\\validate.js","statementMap":{"0":{"start":{"line":3,"column":10},"end":{"line":3,"column":24}},"1":{"start":{"line":5,"column":0},"end":{"line":21,"column":2}},"2":{"start":{"line":6,"column":15},"end":{"line":10,"column":4}},"3":{"start":{"line":11,"column":15},"end":{"line":11,"column":40}},"4":{"start":{"line":13,"column":2},"end":{"line":18,"column":3}},"5":{"start":{"line":14,"column":4},"end":{"line":17,"column":7}},"6":{"start":{"line":20,"column":2},"end":{"line":20,"column":9}},"7":{"start":{"line":23,"column":0},"end":{"line":38,"column":2}},"8":{"start":{"line":24,"column":15},"end":{"line":27,"column":4}},"9":{"start":{"line":28,"column":15},"end":{"line":28,"column":40}},"10":{"start":{"line":30,"column":2},"end":{"line":35,"column":3}},"11":{"start":{"line":31,"column":4},"end":{"line":34,"column":7}},"12":{"start":{"line":37,"column":2},"end":{"line":37,"column":9}},"13":{"start":{"line":40,"column":0},"end":{"line":55,"column":2}},"14":{"start":{"line":41,"column":15},"end":{"line":44,"column":4}},"15":{"start":{"line":45,"column":15},"end":{"line":45,"column":40}},"16":{"start":{"line":47,"column":2},"end":{"line":52,"column":3}},"17":{"start":{"line":48,"column":4},"end":{"line":51,"column":7}},"18":{"start":{"line":54,"column":2},"end":{"line":54,"column":9}}},"fnMap":{"0":{"name":"(anonymous_0)","decl":{"start":{"line":5,"column":25},"end":{"line":5,"column":26}},"loc":{"start":{"line":5,"column":51},"end":{"line":21,"column":1}},"line":5},"1":{"name":"(anonymous_1)","decl":{"start":{"line":23,"column":24},"end":{"line":23,"column":25}},"loc":{"start":{"line":23,"column":50},"end":{"line":38,"column":1}},"line":23},"2":{"name":"(anonymous_2)","decl":{"start":{"line":40,"column":27},"end":{"line":40,"column":28}},"loc":{"start":{"line":40,"column":53},"end":{"line":55,"column":1}},"line":40}},"branchMap":{"0":{"loc":{"start":{"line":13,"column":2},"end":{"line":18,"column":3}},"type":"if","locations":[{"start":{"line":13,"column":2},"end":{"line":18,"column":3}},{"start":{"line":13,"column":2},"end":{"line":18,"column":3}}],"line":13},"1":{"loc":{"start":{"line":30,"column":2},"end":{"line":35,"column":3}},"type":"if","locations":[{"start":{"line":30,"column":2},"end":{"line":35,"column":3}},{"start":{"line":30,"column":2},"end":{"line":35,"column":3}}],"line":30},"2":{"loc":{"start":{"line":47,"column":2},"end":{"line":52,"column":3}},"type":"if","locations":[{"start":{"line":47,"column":2},"end":{"line":52,"column":3}},{"start":{"line":47,"column":2},"end":{"line":52,"column":3}}],"line":47}},"s":{"0":1,"1":1,"2":1,"3":1,"4":1,"5":0,"6":1,"7":1,"8":2,"9":2,"10":2,"11":0,"12":2,"13":1,"14":1,"15":1,"16":1,"17":0,"18":1},"f":{"0":1,"1":2,"2":1},"b":{"0":[0,1],"1":[0,2],"2":[0,1]},"inputSourceMap":{"version":3,"sources":["validate.js"],"names":["Joi","require","exports","queryValidator","req","res","next","schema","object","name","string","required","email","message","min","result","validate","body","error","status","json","details","blogValidator","title","trim","content","commentValidator","text"],"mappings":";;AAAA,IAAMA,GAAG,GAAGC,OAAO,CAAC,KAAD,CAAnB;;AAEAC,OAAO,CAACC,cAAR,GAAyB,UAACC,GAAD,EAAMC,GAAN,EAAWC,IAAX,EAAoB;AAC3C,MAAMC,MAAM,GAAGP,GAAG,CAACQ,MAAJ,CAAW;AACxBC,IAAAA,IAAI,EAAET,GAAG,CAACU,MAAJ,GAAaC,QAAb,EADkB;AAExBC,IAAAA,KAAK,EAAEZ,GAAG,CAACU,MAAJ,GAAaE,KAAb,GAAqBD,QAArB,EAFiB;AAGxBE,IAAAA,OAAO,EAAEb,GAAG,CAACU,MAAJ,GAAaI,GAAb,CAAiB,EAAjB,EAAqBH,QAArB;AAHe,GAAX,CAAf;AAMA,MAAMI,MAAM,GAAGR,MAAM,CAACS,QAAP,CAAgBZ,GAAG,CAACa,IAApB,CAAf;;AACA,MAAIF,MAAM,CAACG,KAAX,EAAkB;AAChB,WAAOb,GAAG,CAACc,MAAJ,CAAW,GAAX,EAAgBC,IAAhB,CAAqB;AAC1BD,MAAAA,MAAM,EAAE,GADkB;AAE1BD,MAAAA,KAAK,YAAKH,MAAM,CAACG,KAAP,CAAaG,OAAb,CAAqB,CAArB,EAAwBR,OAA7B;AAFqB,KAArB,CAAP;AAID;;AACDP,EAAAA,IAAI;AACL,CAfD;;AAgBAJ,OAAO,CAACoB,aAAR,GAAwB,UAAClB,GAAD,EAAMC,GAAN,EAAWC,IAAX,EAAoB;AAC1C,MAAMC,MAAM,GAAGP,GAAG,CAACQ,MAAJ,CAAW;AACxBe,IAAAA,KAAK,EAAEvB,GAAG,CAACU,MAAJ,GAAaI,GAAb,CAAiB,CAAjB,EAAoBH,QAApB,GAA+Ba,IAA/B,EADiB;AAExBC,IAAAA,OAAO,EAAEzB,GAAG,CAACU,MAAJ,GAAaI,GAAb,CAAiB,CAAjB,EAAoBH,QAApB,GAA+Ba,IAA/B;AAFe,GAAX,CAAf;AAKA,MAAMT,MAAM,GAAGR,MAAM,CAACS,QAAP,CAAgBZ,GAAG,CAACa,IAApB,CAAf;;AACA,MAAIF,MAAM,CAACG,KAAX,EAAkB;AAChB,WAAOb,GAAG,CAACc,MAAJ,CAAW,GAAX,EAAgBC,IAAhB,CAAqB;AAC1BD,MAAAA,MAAM,EAAE,GADkB;AAE1BD,MAAAA,KAAK,YAAKH,MAAM,CAACG,KAAP,CAAaG,OAAb,CAAqB,CAArB,EAAwBR,OAA7B;AAFqB,KAArB,CAAP;AAID;;AACDP,EAAAA,IAAI;AACL,CAdD;;AAeAJ,OAAO,CAACwB,gBAAR,GAA2B,UAACtB,GAAD,EAAMC,GAAN,EAAWC,IAAX,EAAoB;AAC7C,MAAMC,MAAM,GAAGP,GAAG,CAACQ,MAAJ,CAAW;AACxBC,IAAAA,IAAI,EAAET,GAAG,CAACU,MAAJ,GAAaI,GAAb,CAAiB,CAAjB,EAAoBH,QAApB,EADkB;AAExBgB,IAAAA,IAAI,EAAE3B,GAAG,CAACU,MAAJ,GAAaI,GAAb,CAAiB,CAAjB,EAAoBH,QAApB;AAFkB,GAAX,CAAf;AAKA,MAAMI,MAAM,GAAGR,MAAM,CAACS,QAAP,CAAgBZ,GAAG,CAACa,IAApB,CAAf;;AACA,MAAIF,MAAM,CAACG,KAAX,EAAkB;AAChB,WAAOb,GAAG,CAACc,MAAJ,CAAW,GAAX,EAAgBC,IAAhB,CAAqB;AAC1BD,MAAAA,MAAM,EAAE,GADkB;AAE1BD,MAAAA,KAAK,YAAKH,MAAM,CAACG,KAAP,CAAaG,OAAb,CAAqB,CAArB,EAAwBR,OAA7B;AAFqB,KAArB,CAAP;AAID;;AACDP,EAAAA,IAAI;AACL,CAdD","sourceRoot":"C:\\Users\\innoc\\OneDrive\\Desktop\\Andela StackUp Projects\\Innocent-Ingabire-portfolio\\server\\validation\\","sourcesContent":["const Joi = require(\"joi\");\r\n\r\nexports.queryValidator = (req, res, next) => {\r\n  const schema = Joi.object({\r\n    name: Joi.string().required(),\r\n    email: Joi.string().email().required(),\r\n    message: Joi.string().min(10).required(),\r\n  });\r\n\r\n  const result = schema.validate(req.body);\r\n  if (result.error) {\r\n    return res.status(400).json({\r\n      status: 400,\r\n      error: `${result.error.details[0].message}`,\r\n    });\r\n  }\r\n  next();\r\n};\r\nexports.blogValidator = (req, res, next) => {\r\n  const schema = Joi.object({\r\n    title: Joi.string().min(3).required().trim(),\r\n    content: Joi.string().min(3).required().trim(),\r\n  });\r\n\r\n  const result = schema.validate(req.body);\r\n  if (result.error) {\r\n    return res.status(400).json({\r\n      status: 400,\r\n      error: `${result.error.details[0].message}`,\r\n    });\r\n  }\r\n  next();\r\n};\r\nexports.commentValidator = (req, res, next) => {\r\n  const schema = Joi.object({\r\n    name: Joi.string().min(3).required(),\r\n    text: Joi.string().min(3).required(),\r\n  });\r\n\r\n  const result = schema.validate(req.body);\r\n  if (result.error) {\r\n    return res.status(400).json({\r\n      status: 400,\r\n      error: `${result.error.details[0].message}`,\r\n    });\r\n  }\r\n  next();\r\n};\r\n"]},"_coverageSchema":"1a1c01bbd47fc00a2c39e90264f33305004495a9","hash":"cc88d5c1e70b36332fb96d6018816b8a5c55f3d9","contentHash":"8491e382c98a2d0a6b0f1d5d4868b61314fa0834a5426442514f93d23023d8d8"},"C:\\Users\\innoc\\OneDrive\\Desktop\\Andela StackUp Projects\\Innocent-Ingabire-portfolio\\server\\validation\\routesProtector.js":{"path":"C:\\Users\\innoc\\OneDrive\\Desktop\\Andela StackUp Projects\\Innocent-Ingabire-portfolio\\server\\validation\\routesProtector.js","statementMap":{"0":{"start":{"line":3,"column":77},"end":{"line":3,"column":175}},"1":{"start":{"line":3,"column":94},"end":{"line":3,"column":107}},"2":{"start":{"line":3,"column":121},"end":{"line":3,"column":131}},"3":{"start":{"line":3,"column":151},"end":{"line":3,"column":165}},"4":{"start":{"line":3,"column":166},"end":{"line":3,"column":173}},"5":{"start":{"line":3,"column":176},"end":{"line":3,"column":263}},"6":{"start":{"line":3,"column":193},"end":{"line":3,"column":208}},"7":{"start":{"line":3,"column":218},"end":{"line":3,"column":261}},"8":{"start":{"line":5,"column":33},"end":{"line":5,"column":387}},"9":{"start":{"line":5,"column":65},"end":{"line":5,"column":69}},"10":{"start":{"line":5,"column":78},"end":{"line":5,"column":87}},"11":{"start":{"line":5,"column":89},"end":{"line":5,"column":384}},"12":{"start":{"line":5,"column":147},"end":{"line":5,"column":167}},"13":{"start":{"line":5,"column":193},"end":{"line":5,"column":264}},"14":{"start":{"line":5,"column":290},"end":{"line":5,"column":360}},"15":{"start":{"line":5,"column":363},"end":{"line":5,"column":380}},"16":{"start":{"line":7,"column":11},"end":{"line":7,"column":38}},"17":{"start":{"line":9,"column":21},"end":{"line":9,"column":52}},"18":{"start":{"line":11,"column":22},"end":{"line":11,"column":57}},"19":{"start":{"line":13,"column":22},"end":{"line":13,"column":54}},"20":{"start":{"line":15,"column":16},"end":{"line":15,"column":51}},"21":{"start":{"line":17,"column":11},"end":{"line":17,"column":38}},"22":{"start":{"line":19,"column":10},"end":{"line":19,"column":33}},"23":{"start":{"line":21,"column":0},"end":{"line":75,"column":4}},"24":{"start":{"line":22,"column":13},"end":{"line":70,"column":5}},"25":{"start":{"line":24,"column":4},"end":{"line":69,"column":16}},"26":{"start":{"line":25,"column":6},"end":{"line":68,"column":7}},"27":{"start":{"line":26,"column":8},"end":{"line":67,"column":9}},"28":{"start":{"line":28,"column":12},"end":{"line":28,"column":53}},"29":{"start":{"line":30,"column":12},"end":{"line":33,"column":13}},"30":{"start":{"line":31,"column":14},"end":{"line":31,"column":32}},"31":{"start":{"line":32,"column":14},"end":{"line":32,"column":20}},"32":{"start":{"line":35,"column":12},"end":{"line":35,"column":47}},"33":{"start":{"line":36,"column":12},"end":{"line":36,"column":30}},"34":{"start":{"line":37,"column":12},"end":{"line":37,"column":18}},"35":{"start":{"line":40,"column":12},"end":{"line":42,"column":16}},"36":{"start":{"line":45,"column":12},"end":{"line":48,"column":13}},"37":{"start":{"line":46,"column":14},"end":{"line":46,"column":32}},"38":{"start":{"line":47,"column":14},"end":{"line":47,"column":20}},"39":{"start":{"line":50,"column":12},"end":{"line":53,"column":16}},"40":{"start":{"line":56,"column":12},"end":{"line":62,"column":15}},"41":{"start":{"line":57,"column":14},"end":{"line":59,"column":17}},"42":{"start":{"line":57,"column":23},"end":{"line":59,"column":17}},"43":{"start":{"line":60,"column":14},"end":{"line":60,"column":30}},"44":{"start":{"line":61,"column":14},"end":{"line":61,"column":21}},"45":{"start":{"line":66,"column":12},"end":{"line":66,"column":35}},"46":{"start":{"line":72,"column":2},"end":{"line":74,"column":4}},"47":{"start":{"line":73,"column":4},"end":{"line":73,"column":39}}},"fnMap":{"0":{"name":"asyncGeneratorStep","decl":{"start":{"line":3,"column":9},"end":{"line":3,"column":27}},"loc":{"start":{"line":3,"column":75},"end":{"line":3,"column":265}},"line":3},"1":{"name":"_asyncToGenerator","decl":{"start":{"line":5,"column":9},"end":{"line":5,"column":26}},"loc":{"start":{"line":5,"column":31},"end":{"line":5,"column":389}},"line":5},"2":{"name":"(anonymous_2)","decl":{"start":{"line":5,"column":40},"end":{"line":5,"column":41}},"loc":{"start":{"line":5,"column":52},"end":{"line":5,"column":386}},"line":5},"3":{"name":"(anonymous_3)","decl":{"start":{"line":5,"column":108},"end":{"line":5,"column":109}},"loc":{"start":{"line":5,"column":135},"end":{"line":5,"column":382}},"line":5},"4":{"name":"_next","decl":{"start":{"line":5,"column":178},"end":{"line":5,"column":183}},"loc":{"start":{"line":5,"column":191},"end":{"line":5,"column":266}},"line":5},"5":{"name":"_throw","decl":{"start":{"line":5,"column":276},"end":{"line":5,"column":282}},"loc":{"start":{"line":5,"column":288},"end":{"line":5,"column":362}},"line":5},"6":{"name":"(anonymous_6)","decl":{"start":{"line":21,"column":41},"end":{"line":21,"column":42}},"loc":{"start":{"line":21,"column":53},"end":{"line":75,"column":1}},"line":21},"7":{"name":"_callee","decl":{"start":{"line":22,"column":78},"end":{"line":22,"column":85}},"loc":{"start":{"line":22,"column":102},"end":{"line":70,"column":3}},"line":22},"8":{"name":"_callee$","decl":{"start":{"line":24,"column":44},"end":{"line":24,"column":52}},"loc":{"start":{"line":24,"column":63},"end":{"line":69,"column":5}},"line":24},"9":{"name":"(anonymous_9)","decl":{"start":{"line":56,"column":41},"end":{"line":56,"column":42}},"loc":{"start":{"line":56,"column":62},"end":{"line":62,"column":13}},"line":56},"10":{"name":"(anonymous_10)","decl":{"start":{"line":72,"column":9},"end":{"line":72,"column":10}},"loc":{"start":{"line":72,"column":33},"end":{"line":74,"column":3}},"line":72}},"branchMap":{"0":{"loc":{"start":{"line":3,"column":176},"end":{"line":3,"column":263}},"type":"if","locations":[{"start":{"line":3,"column":176},"end":{"line":3,"column":263}},{"start":{"line":3,"column":176},"end":{"line":3,"column":263}}],"line":3},"1":{"loc":{"start":{"line":26,"column":8},"end":{"line":67,"column":9}},"type":"switch","locations":[{"start":{"line":27,"column":10},"end":{"line":37,"column":18}},{"start":{"line":39,"column":10},"end":{"line":42,"column":16}},{"start":{"line":44,"column":10},"end":{"line":53,"column":16}},{"start":{"line":55,"column":10},"end":{"line":62,"column":15}},{"start":{"line":64,"column":10},"end":{"line":64,"column":17}},{"start":{"line":65,"column":10},"end":{"line":66,"column":35}}],"line":26},"2":{"loc":{"start":{"line":30,"column":12},"end":{"line":33,"column":13}},"type":"if","locations":[{"start":{"line":30,"column":12},"end":{"line":33,"column":13}},{"start":{"line":30,"column":12},"end":{"line":33,"column":13}}],"line":30},"3":{"loc":{"start":{"line":45,"column":12},"end":{"line":48,"column":13}},"type":"if","locations":[{"start":{"line":45,"column":12},"end":{"line":48,"column":13}},{"start":{"line":45,"column":12},"end":{"line":48,"column":13}}],"line":45},"4":{"loc":{"start":{"line":57,"column":14},"end":{"line":59,"column":17}},"type":"if","locations":[{"start":{"line":57,"column":14},"end":{"line":59,"column":17}},{"start":{"line":57,"column":14},"end":{"line":59,"column":17}}],"line":57}},"s":{"0":8,"1":8,"2":8,"3":0,"4":0,"5":8,"6":8,"7":0,"8":1,"9":8,"10":8,"11":8,"12":8,"13":8,"14":0,"15":8,"16":1,"17":1,"18":1,"19":1,"20":1,"21":1,"22":1,"23":1,"24":1,"25":8,"26":13,"27":24,"28":8,"29":8,"30":5,"31":5,"32":3,"33":3,"34":3,"35":5,"36":3,"37":3,"38":3,"39":0,"40":3,"41":3,"42":0,"43":3,"44":3,"45":8,"46":1,"47":8},"f":{"0":8,"1":1,"2":8,"3":8,"4":8,"5":0,"6":1,"7":8,"8":13,"9":3,"10":8},"b":{"0":[8,0],"1":[8,5,3,3,3,8],"2":[5,3],"3":[3,0],"4":[0,3]},"inputSourceMap":{"version":3,"sources":["routesProtector.js"],"names":["Blog","require","blogController","queryController","loginController","validator","User","jwt","exports","authenticateToken","req","res","next","tokenContent","headers","authorization","undefined","token","split","send","message","status","verify","err","user"],"mappings":";;;;;;AAAA,IAAMA,IAAI,GAAGC,OAAO,CAAC,kBAAD,CAApB;;AACA,IAAMC,cAAc,GAAGD,OAAO,CAAC,sBAAD,CAA9B;;AACA,IAAME,eAAe,GAAGF,OAAO,CAAC,0BAAD,CAA/B;;AACA,IAAMG,eAAe,GAAGH,OAAO,CAAC,uBAAD,CAA/B;;AACA,IAAMI,SAAS,GAAGJ,OAAO,CAAC,0BAAD,CAAzB;;AACA,IAAMK,IAAI,GAAGL,OAAO,CAAC,kBAAD,CAApB;;AACA,IAAMM,GAAG,GAAGN,OAAO,CAAC,cAAD,CAAnB;;AAEAO,OAAO,CAACC,iBAAR;AAAA,qEAA4B,iBAAOC,GAAP,EAAYC,GAAZ,EAAiBC,IAAjB;AAAA;AAAA;AAAA;AAAA;AAAA;AACpBC,YAAAA,YADoB,GACLH,GAAG,CAACI,OAAJ,CAAYC,aADP;;AAAA,kBAGtBF,YAAY,IAAIG,SAHM;AAAA;AAAA;AAAA;;AAIxBC,YAAAA,KAAK,GAAGJ,YAAY,CAACK,KAAb,CAAmB,GAAnB,EAAwB,CAAxB,CAAR;AAJwB;AAAA;;AAAA;AAAA,6CAMjBP,GAAG,CAACQ,IAAJ,CAAS;AACdC,cAAAA,OAAO,EAAE;AADK,aAAT,CANiB;;AAAA;AAAA,gBAUrBH,KAVqB;AAAA;AAAA;AAAA;;AAAA,6CAWjBN,GAAG,CAACU,MAAJ,CAAW,GAAX,EAAgBF,IAAhB,CAAqB;AAC1BE,cAAAA,MAAM,EAAE,GADkB;AAE1BD,cAAAA,OAAO,EAAE;AAFiB,aAArB,CAXiB;;AAAA;AAe1Bb,YAAAA,GAAG,CAACe,MAAJ,CAAWL,KAAX,EAAkB,SAAlB,EAA6B,UAACM,GAAD,EAAMC,IAAN,EAAe;AAC1C,kBAAID,GAAJ,EACE,OAAOZ,GAAG,CAACU,MAAJ,CAAW,GAAX,EAAgBF,IAAhB,CAAqB;AAC1BE,gBAAAA,MAAM,EAAE;AADkB,eAArB,CAAP;AAGFX,cAAAA,GAAG,CAACc,IAAJ,GAAWA,IAAX;AACAZ,cAAAA,IAAI;AACL,aAPD;;AAf0B;AAAA;AAAA;AAAA;AAAA;AAAA;AAAA,GAA5B;;AAAA;AAAA;AAAA;AAAA","sourceRoot":"C:\\Users\\innoc\\OneDrive\\Desktop\\Andela StackUp Projects\\Innocent-Ingabire-portfolio\\server\\validation\\","sourcesContent":["const Blog = require(\"./../models/Blog\");\r\nconst blogController = require(\"../controllers/blogs\");\r\nconst queryController = require(\"./../controllers/queries\");\r\nconst loginController = require(\"./../controllers/user\");\r\nconst validator = require(\"./../validation/validate\");\r\nconst User = require(\"./../models/User\");\r\nconst jwt = require(\"jsonwebtoken\");\r\n\r\nexports.authenticateToken = async (req, res, next) => {\r\n  const tokenContent = req.headers.authorization;\r\n  let token;\r\n  if (tokenContent != undefined) {\r\n    token = tokenContent.split(\" \")[1];\r\n  } else {\r\n    return res.send({\r\n      message: \"No token provided\",\r\n    });\r\n  }\r\n  if (!token)\r\n    return res.status(401).send({\r\n      status: 401,\r\n      message: \"Not authorized\",\r\n    });\r\n  jwt.verify(token, \"nosenti\", (err, user) => {\r\n    if (err)\r\n      return res.status(403).send({\r\n        status: 403,\r\n      });\r\n    req.user = user;\r\n    next();\r\n  });\r\n};\r\n"]},"_coverageSchema":"1a1c01bbd47fc00a2c39e90264f33305004495a9","hash":"ccbeac40e275e04c639f4d3e5839c7683af45346","contentHash":"b35aaaf456ed449ffa8f2b137367545d361bc0e69184ab8d8ac4840539d7d424"},"C:\\Users\\innoc\\OneDrive\\Desktop\\Andela StackUp Projects\\Innocent-Ingabire-portfolio\\server\\seeds\\admin.js":{"path":"C:\\Users\\innoc\\OneDrive\\Desktop\\Andela StackUp Projects\\Innocent-Ingabire-portfolio\\server\\seeds\\admin.js","statementMap":{"0":{"start":{"line":3,"column":11},"end":{"line":3,"column":36}},"1":{"start":{"line":5,"column":12},"end":{"line":9,"column":1}},"2":{"start":{"line":10,"column":14},"end":{"line":10,"column":29}},"3":{"start":{"line":11,"column":0},"end":{"line":11,"column":15}}},"fnMap":{},"branchMap":{},"s":{"0":1,"1":1,"2":1,"3":1},"f":{},"b":{},"inputSourceMap":{"version":3,"sources":["admin.js"],"names":["User","require","admin","fullName","email","password","newUser","save"],"mappings":";;AAAA,IAAMA,IAAI,GAAGC,OAAO,CAAC,gBAAD,CAApB;;AAEA,IAAMC,KAAK,GAAG;AACZC,EAAAA,QAAQ,EAAE,OADE;AAEZC,EAAAA,KAAK,EAAE,mBAFK;AAGZC,EAAAA,QAAQ,EAAE;AAHE,CAAd;AAMA,IAAMC,OAAO,GAAG,IAAIN,IAAJ,CAASE,KAAT,CAAhB;AACAI,OAAO,CAACC,IAAR","sourceRoot":"C:\\Users\\innoc\\OneDrive\\Desktop\\Andela StackUp Projects\\Innocent-Ingabire-portfolio\\server\\seeds\\","sourcesContent":["const User = require(\"../models/User\");\r\n\r\nconst admin = {\r\n  fullName: \"admin\",\r\n  email: \"nosenti@gmail.com\",\r\n  password: \"nosenti\",\r\n};\r\n\r\nconst newUser = new User(admin);\r\nnewUser.save();\r\n"]},"_coverageSchema":"1a1c01bbd47fc00a2c39e90264f33305004495a9","hash":"58568319f8a3374687d2d51f1674bfe1197fab17","contentHash":"1585a4840c192b3933770bc183d30b14210c52a1f51b2af23d34c8eefd72e5f0"}}